#
# There is insufficient memory for the Java Runtime Environment to continue.
# Native memory allocation (malloc) failed to allocate 910256 bytes for Chunk::new
# Possible reasons:
#   The system is out of physical RAM or swap space
#   The process is running with CompressedOops enabled, and the Java Heap may be blocking the growth of the native heap
# Possible solutions:
#   Reduce memory load on the system
#   Increase physical memory or swap space
#   Check if swap backing store is full
#   Decrease Java heap size (-Xmx/-Xms)
#   Decrease number of Java threads
#   Decrease Java thread stack sizes (-Xss)
#   Set larger code cache with -XX:ReservedCodeCacheSize=
#   JVM is running with Unscaled Compressed Oops mode in which the Java heap is
#     placed in the first 4GB address space. The Java Heap base address is the
#     maximum limit for the native heap growth. Please use -XX:HeapBaseMinAddress
#     to set the Java Heap base and to place the Java Heap above 4GB virtual address.
# This output file may be truncated or incomplete.
#
#  Out of Memory Error (allocation.cpp:389), pid=19536, tid=0x00000000000000fc
#
# JRE version: Java(TM) SE Runtime Environment (8.0_301-b09) (build 1.8.0_301-b09)
# Java VM: Java HotSpot(TM) 64-Bit Server VM (25.301-b09 mixed mode windows-amd64 compressed oops)
# Failed to write core dump. Minidumps are not enabled by default on client versions of Windows
#

---------------  T H R E A D  ---------------

Current thread (0x0000023379f42000):  JavaThread "C2 CompilerThread1" daemon [_thread_in_native, id=252, stack(0x00000055c4c00000,0x00000055c4d00000)]

Stack: [0x00000055c4c00000,0x00000055c4d00000]
Native frames: (J=compiled Java code, j=interpreted, Vv=VM code, C=native code)
V  [jvm.dll+0x32ed79]
V  [jvm.dll+0x275722]
V  [jvm.dll+0x2763cd]
V  [jvm.dll+0x26ce05]
V  [jvm.dll+0xd551c]
V  [jvm.dll+0xd5d1c]
V  [jvm.dll+0x452c72]
V  [jvm.dll+0x48dcdd]
V  [jvm.dll+0x442c71]
V  [jvm.dll+0x43fee4]
V  [jvm.dll+0x42ae57]
V  [jvm.dll+0xac1bb]
V  [jvm.dll+0xaa81b]
V  [jvm.dll+0x23ddc2]
V  [jvm.dll+0x2923dc]
C  [ucrtbase.dll+0x21bb2]
C  [KERNEL32.DLL+0x17034]
C  [ntdll.dll+0x52651]


Current CompileTask:
C2:   4812 2825       4       org.objectweb.asm.Frame::execute (2318 bytes)


---------------  P R O C E S S  ---------------

Java Threads: ( => current thread )
  0x000002337bcc9000 JavaThread "jar transforms Thread 3" [_thread_blocked, id=11136, stack(0x00000055c6900000,0x00000055c6a00000)]
  0x000002337bcca000 JavaThread "Cache worker for dependencies-accessors (D:\DATN\JavaLab\.gradle\7.0.2\dependencies-accessors)" [_thread_blocked, id=19336, stack(0x00000055c6800000,0x00000055c6900000)]
  0x000002337bccc000 JavaThread "Cache worker for file content cache (C:\Users\phongvv\.gradle\caches\7.0.2\fileContent)" [_thread_blocked, id=11428, stack(0x00000055c6700000,0x00000055c6800000)]
  0x000002337bcc7000 JavaThread "jar transforms Thread 2" [_thread_blocked, id=6988, stack(0x00000055c6600000,0x00000055c6700000)]
  0x000002337bcc8800 JavaThread "jar transforms" [_thread_blocked, id=13104, stack(0x00000055c6500000,0x00000055c6600000)]
  0x000002337bcc4800 JavaThread "Cache worker for execution history cache (C:\Users\phongvv\.gradle\caches\7.0.2\executionHistory)" [_thread_blocked, id=11212, stack(0x00000055c6400000,0x00000055c6500000)]
  0x000002337bcca800 JavaThread "Cache worker for cache directory md-rule (C:\Users\phongvv\.gradle\caches\7.0.2\md-rule)" [_thread_blocked, id=1312, stack(0x00000055c6300000,0x00000055c6400000)]
  0x000002337bccb800 JavaThread "Cache worker for cache directory md-supplier (C:\Users\phongvv\.gradle\caches\7.0.2\md-supplier)" [_thread_blocked, id=20732, stack(0x00000055c6200000,0x00000055c6300000)]
  0x0000023379f4c000 JavaThread "Cache worker for checksums cache (D:\DATN\JavaLab\.gradle\checksums)" [_thread_blocked, id=8260, stack(0x00000055c6100000,0x00000055c6200000)]
  0x0000023379f4b000 JavaThread "File watcher consumer" daemon [_thread_blocked, id=20448, stack(0x00000055c6000000,0x00000055c6100000)]
  0x0000023379f4a800 JavaThread "File watcher server" daemon [_thread_in_native, id=12580, stack(0x00000055c5f00000,0x00000055c6000000)]
  0x0000023379f49000 JavaThread "Cache worker for file hash cache (D:\DATN\JavaLab\.gradle\7.0.2\fileHashes)" [_thread_blocked, id=6760, stack(0x00000055c5e00000,0x00000055c5f00000)]
  0x0000023379f48000 JavaThread "Cache worker for journal cache (C:\Users\phongvv\.gradle\caches\journal-1)" [_thread_blocked, id=5784, stack(0x00000055c5d00000,0x00000055c5e00000)]
  0x0000023379f47800 JavaThread "File lock request listener" [_thread_in_native, id=18132, stack(0x00000055c5c00000,0x00000055c5d00000)]
  0x0000023379f49800 JavaThread "Cache worker for file hash cache (C:\Users\phongvv\.gradle\caches\7.0.2\fileHashes)" [_thread_blocked, id=9480, stack(0x00000055c5b00000,0x00000055c5c00000)]
  0x000002337ce28000 JavaThread "Daemon client event forwarder" [_thread_blocked, id=11948, stack(0x00000055c5a00000,0x00000055c5b00000)]
  0x000002337ce24800 JavaThread "Stdin handler" [_thread_blocked, id=9132, stack(0x00000055c5900000,0x00000055c5a00000)]
  0x000002337ce19000 JavaThread "Asynchronous log dispatcher for DefaultDaemonConnection: socket connection from /127.0.0.1:56928 to /127.0.0.1:56929" [_thread_blocked, id=10092, stack(0x00000055c5800000,0x00000055c5900000)]
  0x000002337ce12800 JavaThread "Daemon worker" [_thread_in_vm, id=19220, stack(0x00000055c5700000,0x00000055c5800000)]
  0x000002337ce0d800 JavaThread "Cancel handler" [_thread_blocked, id=13220, stack(0x00000055c5600000,0x00000055c5700000)]
  0x000002337ccf1800 JavaThread "Handler for socket connection from /127.0.0.1:56928 to /127.0.0.1:56929" [_thread_in_native, id=18972, stack(0x00000055c5500000,0x00000055c5600000)]
  0x000002337cd2e800 JavaThread "Daemon" [_thread_blocked, id=4072, stack(0x00000055c5400000,0x00000055c5500000)]
  0x000002337cdd3000 JavaThread "Daemon periodic checks" [_thread_blocked, id=21348, stack(0x00000055c5300000,0x00000055c5400000)]
  0x000002337cd18000 JavaThread "Incoming local TCP Connector on port 56928" [_thread_in_native, id=11704, stack(0x00000055c5200000,0x00000055c5300000)]
  0x000002337cbaa000 JavaThread "Daemon health stats" [_thread_blocked, id=20016, stack(0x00000055c5100000,0x00000055c5200000)]
  0x000002337b310800 JavaThread "Service Thread" daemon [_thread_blocked, id=10408, stack(0x00000055c4f00000,0x00000055c5000000)]
  0x0000023379f4e000 JavaThread "C1 CompilerThread3" daemon [_thread_blocked, id=14632, stack(0x00000055c4e00000,0x00000055c4f00000)]
  0x0000023379f4c800 JavaThread "C2 CompilerThread2" daemon [_thread_in_native, id=7104, stack(0x00000055c4d00000,0x00000055c4e00000)]
=>0x0000023379f42000 JavaThread "C2 CompilerThread1" daemon [_thread_in_native, id=252, stack(0x00000055c4c00000,0x00000055c4d00000)]
  0x0000023379f3b000 JavaThread "C2 CompilerThread0" daemon [_thread_in_native, id=10232, stack(0x00000055c4b00000,0x00000055c4c00000)]
  0x0000023379f34000 JavaThread "Attach Listener" daemon [_thread_blocked, id=14544, stack(0x00000055c4a00000,0x00000055c4b00000)]
  0x0000023379f3a800 JavaThread "Signal Dispatcher" daemon [_thread_blocked, id=19484, stack(0x00000055c4900000,0x00000055c4a00000)]
  0x000002337931c000 JavaThread "Finalizer" daemon [_thread_blocked, id=10024, stack(0x00000055c4800000,0x00000055c4900000)]
  0x0000023379f0a000 JavaThread "Reference Handler" daemon [_thread_blocked, id=15696, stack(0x00000055c4700000,0x00000055c4800000)]
  0x00000233722bf000 JavaThread "main" [_thread_blocked, id=1924, stack(0x00000055c3d00000,0x00000055c3e00000)]

Other Threads:
  0x0000023379ee3800 VMThread [stack: 0x00000055c4600000,0x00000055c4700000] [id=2436]
  0x0000023379fbc000 WatcherThread [stack: 0x00000055c5000000,0x00000055c5100000] [id=13928]

VM state:not at safepoint (normal execution)

VM Mutex/Monitor currently owned by a thread: None

heap address: 0x0000000080000000, size: 2048 MB, Compressed Oops mode: 32-bit
Narrow klass base: 0x0000000000000000, Narrow klass shift: 3
Compressed class space size: 1073741824 Address: 0x0000000100000000

Heap:
 PSYoungGen      total 111616K, used 37902K [0x00000000d5580000, 0x00000000e0c80000, 0x0000000100000000)
  eden space 98816K, 38% used [0x00000000d5580000,0x00000000d7a83b98,0x00000000db600000)
  from space 12800K, 0% used [0x00000000db600000,0x00000000db600000,0x00000000dc280000)
  to   space 12288K, 0% used [0x00000000e0080000,0x00000000e0080000,0x00000000e0c80000)
 ParOldGen       total 103936K, used 14322K [0x0000000080000000, 0x0000000086580000, 0x00000000d5580000)
  object space 103936K, 13% used [0x0000000080000000,0x0000000080dfca70,0x0000000086580000)
 Metaspace       used 35262K, capacity 36758K, committed 36864K, reserved 1081344K
  class space    used 4995K, capacity 5316K, committed 5376K, reserved 1048576K

Card table byte_map: [0x0000023373f30000,0x0000023374340000] byte_map_base: 0x0000023373b30000

Marking Bits: (ParMarkBitMap*) 0x0000000065657fe0
 Begin Bits: [0x00000233745f0000, 0x00000233765f0000)
 End Bits:   [0x00000233765f0000, 0x00000233785f0000)

Polling page: 0x0000023373b40000

CodeCache: size=245760Kb used=11143Kb max_used=11143Kb free=234616Kb
 bounds [0x0000023300000000, 0x0000023300af0000, 0x000002330f000000]
 total_blobs=3594 nmethods=2895 adapters=611
 compilation: enabled

Compilation events (10 events):
Event: 4.795 Thread 0x0000023379f4e000 nmethod 2888 0x0000023300adf310 code [0x0000023300adf4c0, 0x0000023300adfbb0]
Event: 4.797 Thread 0x0000023379f4e000 2889       1       sun.reflect.generics.tree.Wildcard::getUpperBounds (5 bytes)
Event: 4.797 Thread 0x0000023379f4e000 nmethod 2889 0x0000023300adf050 code [0x0000023300adf1a0, 0x0000023300adf2b8]
Event: 4.797 Thread 0x0000023379f4e000 2890       3       org.gradle.internal.reflect.JavaPropertyReflectionUtil::doesNotHaveTypeVariable (107 bytes)
Event: 4.797 Thread 0x0000023379f4e000 nmethod 2890 0x0000023300ade210 code [0x0000023300ade3e0, 0x0000023300adee20]
Event: 4.797 Thread 0x0000023379f4e000 2893       1       org.gradle.internal.instantiation.generator.AbstractClassGenerator$ClassGenerationHandler::visitProperty (1 bytes)
Event: 4.797 Thread 0x0000023379f4e000 nmethod 2893 0x0000023300addf50 code [0x0000023300ade0a0, 0x0000023300ade1b8]
Event: 4.797 Thread 0x0000023379f4e000 2891       3       java.util.HashMap::putMapEntries (154 bytes)
Event: 4.798 Thread 0x0000023379f4e000 nmethod 2891 0x0000023300adcb10 code [0x0000023300adcd80, 0x0000023300addaf0]
Event: 4.798 Thread 0x0000023379f4e000 2892   !   3       java.lang.reflect.Proxy::newProxyInstance (174 bytes)

GC Heap History (10 events):
Event: 3.101 GC heap before
{Heap before GC invocations=5 (full 1):
 PSYoungGen      total 75776K, used 9408K [0x00000000d5580000, 0x00000000de980000, 0x0000000100000000)
  eden space 65024K, 0% used [0x00000000d5580000,0x00000000d5580000,0x00000000d9500000)
  from space 10752K, 87% used [0x00000000d9f80000,0x00000000da8b03d0,0x00000000daa00000)
  to   space 10752K, 0% used [0x00000000d9500000,0x00000000d9500000,0x00000000d9f80000)
 ParOldGen       total 173568K, used 40K [0x0000000080000000, 0x000000008a980000, 0x00000000d5580000)
  object space 173568K, 0% used [0x0000000080000000,0x000000008000a000,0x000000008a980000)
 Metaspace       used 20333K, capacity 21114K, committed 21296K, reserved 1067008K
  class space    used 3008K, capacity 3193K, committed 3200K, reserved 1048576K
Event: 3.128 GC heap after
Heap after GC invocations=5 (full 1):
 PSYoungGen      total 75776K, used 0K [0x00000000d5580000, 0x00000000de980000, 0x0000000100000000)
  eden space 65024K, 0% used [0x00000000d5580000,0x00000000d5580000,0x00000000d9500000)
  from space 10752K, 0% used [0x00000000d9f80000,0x00000000d9f80000,0x00000000daa00000)
  to   space 10752K, 0% used [0x00000000d9500000,0x00000000d9500000,0x00000000d9f80000)
 ParOldGen       total 103936K, used 9086K [0x0000000080000000, 0x0000000086580000, 0x00000000d5580000)
  object space 103936K, 8% used [0x0000000080000000,0x00000000808dfbd8,0x0000000086580000)
 Metaspace       used 20333K, capacity 21114K, committed 21296K, reserved 1067008K
  class space    used 3008K, capacity 3193K, committed 3200K, reserved 1048576K
}
Event: 3.601 GC heap before
{Heap before GC invocations=6 (full 1):
 PSYoungGen      total 75776K, used 65024K [0x00000000d5580000, 0x00000000de980000, 0x0000000100000000)
  eden space 65024K, 100% used [0x00000000d5580000,0x00000000d9500000,0x00000000d9500000)
  from space 10752K, 0% used [0x00000000d9f80000,0x00000000d9f80000,0x00000000daa00000)
  to   space 10752K, 0% used [0x00000000d9500000,0x00000000d9500000,0x00000000d9f80000)
 ParOldGen       total 103936K, used 9086K [0x0000000080000000, 0x0000000086580000, 0x00000000d5580000)
  object space 103936K, 8% used [0x0000000080000000,0x00000000808dfbd8,0x0000000086580000)
 Metaspace       used 23989K, capacity 24910K, committed 25216K, reserved 1071104K
  class space    used 3618K, capacity 3871K, committed 3968K, reserved 1048576K
Event: 3.605 GC heap after
Heap after GC invocations=6 (full 1):
 PSYoungGen      total 75776K, used 4777K [0x00000000d5580000, 0x00000000dce80000, 0x0000000100000000)
  eden space 65024K, 0% used [0x00000000d5580000,0x00000000d5580000,0x00000000d9500000)
  from space 10752K, 44% used [0x00000000d9500000,0x00000000d99aa748,0x00000000d9f80000)
  to   space 12288K, 0% used [0x00000000dc280000,0x00000000dc280000,0x00000000dce80000)
 ParOldGen       total 103936K, used 9094K [0x0000000080000000, 0x0000000086580000, 0x00000000d5580000)
  object space 103936K, 8% used [0x0000000080000000,0x00000000808e1bd8,0x0000000086580000)
 Metaspace       used 23989K, capacity 24910K, committed 25216K, reserved 1071104K
  class space    used 3618K, capacity 3871K, committed 3968K, reserved 1048576K
}
Event: 4.303 GC heap before
{Heap before GC invocations=7 (full 1):
 PSYoungGen      total 75776K, used 69801K [0x00000000d5580000, 0x00000000dce80000, 0x0000000100000000)
  eden space 65024K, 100% used [0x00000000d5580000,0x00000000d9500000,0x00000000d9500000)
  from space 10752K, 44% used [0x00000000d9500000,0x00000000d99aa748,0x00000000d9f80000)
  to   space 12288K, 0% used [0x00000000dc280000,0x00000000dc280000,0x00000000dce80000)
 ParOldGen       total 103936K, used 9094K [0x0000000080000000, 0x0000000086580000, 0x00000000d5580000)
  object space 103936K, 8% used [0x0000000080000000,0x00000000808e1bd8,0x0000000086580000)
 Metaspace       used 32120K, capacity 33406K, committed 33664K, reserved 1077248K
  class space    used 4611K, capacity 4886K, committed 4992K, reserved 1048576K
Event: 4.313 GC heap after
Heap after GC invocations=7 (full 1):
 PSYoungGen      total 111104K, used 9720K [0x00000000d5580000, 0x00000000dd100000, 0x0000000100000000)
  eden space 98816K, 0% used [0x00000000d5580000,0x00000000d5580000,0x00000000db600000)
  from space 12288K, 79% used [0x00000000dc280000,0x00000000dcbfe208,0x00000000dce80000)
  to   space 12800K, 0% used [0x00000000db600000,0x00000000db600000,0x00000000dc280000)
 ParOldGen       total 103936K, used 9102K [0x0000000080000000, 0x0000000086580000, 0x00000000d5580000)
  object space 103936K, 8% used [0x0000000080000000,0x00000000808e3bd8,0x0000000086580000)
 Metaspace       used 32120K, capacity 33406K, committed 33664K, reserved 1077248K
  class space    used 4611K, capacity 4886K, committed 4992K, reserved 1048576K
}
Event: 4.509 GC heap before
{Heap before GC invocations=8 (full 1):
 PSYoungGen      total 111104K, used 37130K [0x00000000d5580000, 0x00000000dd100000, 0x0000000100000000)
  eden space 98816K, 27% used [0x00000000d5580000,0x00000000d7044950,0x00000000db600000)
  from space 12288K, 79% used [0x00000000dc280000,0x00000000dcbfe208,0x00000000dce80000)
  to   space 12800K, 0% used [0x00000000db600000,0x00000000db600000,0x00000000dc280000)
 ParOldGen       total 103936K, used 9102K [0x0000000080000000, 0x0000000086580000, 0x00000000d5580000)
  object space 103936K, 8% used [0x0000000080000000,0x00000000808e3bd8,0x0000000086580000)
 Metaspace       used 34141K, capacity 35452K, committed 35496K, reserved 1079296K
  class space    used 4813K, capacity 5101K, committed 5120K, reserved 1048576K
Event: 4.515 GC heap after
Heap after GC invocations=8 (full 1):
 PSYoungGen      total 111616K, used 7492K [0x00000000d5580000, 0x00000000e0c80000, 0x0000000100000000)
  eden space 98816K, 0% used [0x00000000d5580000,0x00000000d5580000,0x00000000db600000)
  from space 12800K, 58% used [0x00000000db600000,0x00000000dbd513f0,0x00000000dc280000)
  to   space 12288K, 0% used [0x00000000e0080000,0x00000000e0080000,0x00000000e0c80000)
 ParOldGen       total 103936K, used 9110K [0x0000000080000000, 0x0000000086580000, 0x00000000d5580000)
  object space 103936K, 8% used [0x0000000080000000,0x00000000808e5bd8,0x0000000086580000)
 Metaspace       used 34141K, capacity 35452K, committed 35496K, reserved 1079296K
  class space    used 4813K, capacity 5101K, committed 5120K, reserved 1048576K
}
Event: 4.515 GC heap before
{Heap before GC invocations=9 (full 2):
 PSYoungGen      total 111616K, used 7492K [0x00000000d5580000, 0x00000000e0c80000, 0x0000000100000000)
  eden space 98816K, 0% used [0x00000000d5580000,0x00000000d5580000,0x00000000db600000)
  from space 12800K, 58% used [0x00000000db600000,0x00000000dbd513f0,0x00000000dc280000)
  to   space 12288K, 0% used [0x00000000e0080000,0x00000000e0080000,0x00000000e0c80000)
 ParOldGen       total 103936K, used 9110K [0x0000000080000000, 0x0000000086580000, 0x00000000d5580000)
  object space 103936K, 8% used [0x0000000080000000,0x00000000808e5bd8,0x0000000086580000)
 Metaspace       used 34141K, capacity 35452K, committed 35496K, reserved 1079296K
  class space    used 4813K, capacity 5101K, committed 5120K, reserved 1048576K
Event: 4.553 GC heap after
Heap after GC invocations=9 (full 2):
 PSYoungGen      total 111616K, used 0K [0x00000000d5580000, 0x00000000e0c80000, 0x0000000100000000)
  eden space 98816K, 0% used [0x00000000d5580000,0x00000000d5580000,0x00000000db600000)
  from space 12800K, 0% used [0x00000000db600000,0x00000000db600000,0x00000000dc280000)
  to   space 12288K, 0% used [0x00000000e0080000,0x00000000e0080000,0x00000000e0c80000)
 ParOldGen       total 103936K, used 14322K [0x0000000080000000, 0x0000000086580000, 0x00000000d5580000)
  object space 103936K, 13% used [0x0000000080000000,0x0000000080dfca70,0x0000000086580000)
 Metaspace       used 34141K, capacity 35452K, committed 35496K, reserved 1079296K
  class space    used 4813K, capacity 5101K, committed 5120K, reserved 1048576K
}

Deoptimization events (10 events):
Event: 3.967 Thread 0x000002337ce12800 Uncommon trap: reason=unstable_if action=reinterpret pc=0x000002330053bbbc method=java.lang.ClassLoader.getClassLoadingLock(Ljava/lang/String;)Ljava/lang/Object; @ 6
Event: 4.314 Thread 0x0000023379f0a000 Uncommon trap: reason=unstable_if action=reinterpret pc=0x00000233006110a0 method=java.lang.ref.Reference.tryHandlePending(Z)Z @ 104
Event: 4.366 Thread 0x000002337ce12800 Uncommon trap: reason=unstable_if action=reinterpret pc=0x00000233009dd554 method=java.util.HashMap.getNode(ILjava/lang/Object;)Ljava/util/HashMap$Node; @ 53
Event: 4.366 Thread 0x000002337ce12800 Uncommon trap: reason=unstable_if action=reinterpret pc=0x00000233003e5ab0 method=java.util.HashMap.hash(Ljava/lang/Object;)I @ 1
Event: 4.366 Thread 0x000002337ce12800 Uncommon trap: reason=unstable_if action=reinterpret pc=0x00000233009f32f0 method=java.util.HashMap.putVal(ILjava/lang/Object;Ljava/lang/Object;ZZ)Ljava/lang/Object; @ 85
Event: 4.371 Thread 0x000002337ce12800 Uncommon trap: reason=unstable_if action=reinterpret pc=0x000002330078132c method=org.gradle.internal.reflect.PropertyAccessorType.isGetGetterName(Ljava/lang/String;)Z @ 14
Event: 4.397 Thread 0x000002337ce12800 Uncommon trap: reason=unstable_if action=reinterpret pc=0x00000233007250c8 method=org.objectweb.asm.ByteVector.putShort(I)Lorg/objectweb/asm/ByteVector; @ 13
Event: 4.481 Thread 0x000002337ce12800 Uncommon trap: reason=unstable_if action=reinterpret pc=0x00000233005fa638 method=java.net.URLClassLoader.defineClass(Ljava/lang/String;Lsun/misc/Resource;)Ljava/lang/Class; @ 21
Event: 4.608 Thread 0x000002337ce12800 Uncommon trap: reason=class_check action=maybe_recompile pc=0x00000233007b6658 method=java.util.WeakHashMap.eq(Ljava/lang/Object;Ljava/lang/Object;)Z @ 7
Event: 4.656 Thread 0x000002337ce12800 Uncommon trap: reason=range_check action=make_not_entrant pc=0x0000023300a114b8 method=java.lang.String.charAt(I)C @ 27

Classes redefined (0 events):
No events

Internal exceptions (10 events):
Event: 4.672 Thread 0x000002337ce12800 Exception <a 'java/lang/ClassNotFoundException': org/gradle/api/internal/artifacts/repositories/DefaultMavenArtifactRepository_DecoratedBeanInfo> (0x00000000d67f5f40) thrown at [C:\jenkins\workspace\8-2-build-windows-amd64-cygwin\jdk8u301\1513\hotspot\src
Event: 4.674 Thread 0x000002337ce12800 Exception <a 'java/lang/ClassNotFoundException': org/gradle/api/internal/artifacts/repositories/DefaultMavenArtifactRepositoryBeanInfo> (0x00000000d685c2e8) thrown at [C:\jenkins\workspace\8-2-build-windows-amd64-cygwin\jdk8u301\1513\hotspot\src\share\vm\
Event: 4.675 Thread 0x000002337ce12800 Exception <a 'java/lang/ClassNotFoundException': org/gradle/api/internal/artifacts/repositories/AbstractAuthenticationSupportedRepositoryBeanInfo> (0x00000000d68cb8c8) thrown at [C:\jenkins\workspace\8-2-build-windows-amd64-cygwin\jdk8u301\1513\hotspot\sr
Event: 4.677 Thread 0x000002337ce12800 Exception <a 'java/lang/ClassNotFoundException': org/gradle/api/internal/artifacts/repositories/AbstractResolutionAwareArtifactRepositoryBeanInfo> (0x00000000d693ae28) thrown at [C:\jenkins\workspace\8-2-build-windows-amd64-cygwin\jdk8u301\1513\hotspot\sr
Event: 4.679 Thread 0x000002337ce12800 Exception <a 'java/lang/ClassNotFoundException': org/gradle/api/internal/artifacts/repositories/AbstractArtifactRepositoryBeanInfo> (0x00000000d699cab0) thrown at [C:\jenkins\workspace\8-2-build-windows-amd64-cygwin\jdk8u301\1513\hotspot\src\share\vm\clas
Event: 4.680 Thread 0x000002337ce12800 Exception <a 'java/lang/ClassNotFoundException': org/gradle/api/internal/artifacts/repositories/AbstractArtifactRepositoryCustomizer> (0x00000000d6a01b48) thrown at [C:\jenkins\workspace\8-2-build-windows-amd64-cygwin\jdk8u301\1513\hotspot\src\share\vm\cl
Event: 4.683 Thread 0x000002337ce12800 Exception <a 'java/lang/ClassNotFoundException': org/gradle/api/internal/artifacts/repositories/AbstractResolutionAwareArtifactRepositoryCustomizer> (0x00000000d6a94d80) thrown at [C:\jenkins\workspace\8-2-build-windows-amd64-cygwin\jdk8u301\1513\hotspot\
Event: 4.684 Thread 0x000002337ce12800 Exception <a 'java/lang/ClassNotFoundException': org/gradle/api/internal/artifacts/repositories/AbstractAuthenticationSupportedRepositoryCustomizer> (0x00000000d6b0eec0) thrown at [C:\jenkins\workspace\8-2-build-windows-amd64-cygwin\jdk8u301\1513\hotspot\
Event: 4.686 Thread 0x000002337ce12800 Exception <a 'java/lang/ClassNotFoundException': org/gradle/api/internal/artifacts/repositories/DefaultMavenArtifactRepositoryCustomizer> (0x00000000d6b8dc58) thrown at [C:\jenkins\workspace\8-2-build-windows-amd64-cygwin\jdk8u301\1513\hotspot\src\share\v
Event: 4.689 Thread 0x000002337ce12800 Exception <a 'java/lang/ClassNotFoundException': org/gradle/api/internal/artifacts/repositories/DefaultMavenArtifactRepository_DecoratedCustomizer> (0x00000000d6c26818) thrown at [C:\jenkins\workspace\8-2-build-windows-amd64-cygwin\jdk8u301\1513\hotspot\s

Events (10 events):
Event: 4.792 loading class org/gradle/api/internal/artifacts/dsl/dependencies/DefaultDependencyConstraintHandler$DependencyConstraintAdder
Event: 4.792 loading class org/gradle/api/internal/artifacts/dsl/dependencies/DefaultDependencyConstraintHandler$DependencyConstraintAdder done
Event: 4.793 loading class org/gradle/api/internal/artifacts/query/DefaultArtifactResolutionQueryFactory
Event: 4.793 loading class org/gradle/api/internal/artifacts/query/DefaultArtifactResolutionQueryFactory done
Event: 4.793 loading class org/gradle/api/artifacts/query/ArtifactResolutionQuery
Event: 4.793 loading class org/gradle/api/artifacts/query/ArtifactResolutionQuery done
Event: 4.794 loading class org/gradle/api/internal/artifacts/dsl/dependencies/DefaultDependencyHandler
Event: 4.794 loading class org/gradle/api/internal/artifacts/dsl/dependencies/DefaultDependencyHandler done
Event: 4.795 loading class org/gradle/api/internal/artifacts/dsl/dependencies/DefaultDependencyHandler$1
Event: 4.795 loading class org/gradle/api/internal/artifacts/dsl/dependencies/DefaultDependencyHandler$1 done


Dynamic libraries:
0x00007ff7ea3f0000 - 0x00007ff7ea437000 	C:\Program Files\Java\jdk1.8.0_301\bin\java.exe
0x00007fff52f90000 - 0x00007fff53185000 	C:\Windows\SYSTEM32\ntdll.dll
0x00007fff51c90000 - 0x00007fff51d4e000 	C:\Windows\System32\KERNEL32.DLL
0x00007fff50ad0000 - 0x00007fff50d99000 	C:\Windows\System32\KERNELBASE.dll
0x00007fff51550000 - 0x00007fff515fc000 	C:\Windows\System32\ADVAPI32.dll
0x00007fff51d50000 - 0x00007fff51dee000 	C:\Windows\System32\msvcrt.dll
0x00007fff512d0000 - 0x00007fff5136b000 	C:\Windows\System32\sechost.dll
0x00007fff51600000 - 0x00007fff5172a000 	C:\Windows\System32\RPCRT4.dll
0x00007fff52b30000 - 0x00007fff52cd1000 	C:\Windows\System32\USER32.dll
0x00007fff50eb0000 - 0x00007fff50ed2000 	C:\Windows\System32\win32u.dll
0x00007fff52ce0000 - 0x00007fff52d0b000 	C:\Windows\System32\GDI32.dll
0x00007fff506b0000 - 0x00007fff507bb000 	C:\Windows\System32\gdi32full.dll
0x00007fff50ee0000 - 0x00007fff50f7d000 	C:\Windows\System32\msvcp_win.dll
0x00007fff509d0000 - 0x00007fff50ad0000 	C:\Windows\System32\ucrtbase.dll
0x00007fff3e3a0000 - 0x00007fff3e63a000 	C:\Windows\WinSxS\amd64_microsoft.windows.common-controls_6595b64144ccf1df_6.0.19041.1110_none_60b5254171f9507e\COMCTL32.dll
0x00007fff52d70000 - 0x00007fff52da0000 	C:\Windows\System32\IMM32.DLL
0x00007fff4adb0000 - 0x00007fff4adc5000 	C:\Program Files\Java\jdk1.8.0_301\jre\bin\vcruntime140.dll
0x00007fff2cff0000 - 0x00007fff2d08b000 	C:\Program Files\Java\jdk1.8.0_301\jre\bin\msvcp140.dll
0x0000000064e70000 - 0x00000000656d0000 	C:\Program Files\Java\jdk1.8.0_301\jre\bin\server\jvm.dll
0x00007fff51370000 - 0x00007fff51378000 	C:\Windows\System32\PSAPI.DLL
0x00007fff47270000 - 0x00007fff4727a000 	C:\Windows\SYSTEM32\VERSION.dll
0x00007fff4b340000 - 0x00007fff4b349000 	C:\Windows\SYSTEM32\WSOCK32.dll
0x00007fff47240000 - 0x00007fff47267000 	C:\Windows\SYSTEM32\WINMM.dll
0x00007fff51c20000 - 0x00007fff51c8b000 	C:\Windows\System32\WS2_32.dll
0x00007fff4e5b0000 - 0x00007fff4e5c2000 	C:\Windows\SYSTEM32\kernel.appcore.dll
0x00007fff4c530000 - 0x00007fff4c540000 	C:\Program Files\Java\jdk1.8.0_301\jre\bin\verify.dll
0x00007fff39af0000 - 0x00007fff39b1b000 	C:\Program Files\Java\jdk1.8.0_301\jre\bin\java.dll
0x00007fff452a0000 - 0x00007fff452b8000 	C:\Program Files\Java\jdk1.8.0_301\jre\bin\zip.dll
0x00007fff51df0000 - 0x00007fff5252f000 	C:\Windows\System32\SHELL32.dll
0x00007fff4e7b0000 - 0x00007fff4ef40000 	C:\Windows\SYSTEM32\windows.storage.dll
0x00007fff52540000 - 0x00007fff52895000 	C:\Windows\System32\combase.dll
0x00007fff50030000 - 0x00007fff5005c000 	C:\Windows\SYSTEM32\Wldp.dll
0x00007fff50fe0000 - 0x00007fff5108e000 	C:\Windows\System32\SHCORE.dll
0x00007fff52ef0000 - 0x00007fff52f45000 	C:\Windows\System32\shlwapi.dll
0x00007fff505f0000 - 0x00007fff5060f000 	C:\Windows\SYSTEM32\profapi.dll
0x00007fff3d8b0000 - 0x00007fff3d8cc000 	C:\Program Files\Java\jdk1.8.0_301\jre\bin\net.dll
0x00007fff4fd90000 - 0x00007fff4fdfa000 	C:\Windows\system32\mswsock.dll
0x00007fff38ae0000 - 0x00007fff38af3000 	C:\Program Files\Java\jdk1.8.0_301\jre\bin\nio.dll
0x00007fff4b500000 - 0x00007fff4b527000 	C:\Users\phongvv\.gradle\native\8bec1ad78214c89d9ad589b4d07fe93259594b29d510b10fafb7a158f7737e5d\windows-amd64\native-platform.dll
0x00007fff2b3e0000 - 0x00007fff2b51d000 	C:\Users\phongvv\.gradle\native\53dbd7edfb1c66fb8903c78663c9afc45aea4f116125fa6feffd364cf09443e8\windows-amd64\native-platform-file-events.dll
0x00007fff4bb40000 - 0x00007fff4bb4d000 	C:\Program Files\Java\jdk1.8.0_301\jre\bin\management.dll
0x00007fff4ff80000 - 0x00007fff4ff98000 	C:\Windows\SYSTEM32\CRYPTSP.dll
0x00007fff4f710000 - 0x00007fff4f744000 	C:\Windows\system32\rsaenh.dll
0x00007fff50da0000 - 0x00007fff50dc7000 	C:\Windows\System32\bcrypt.dll
0x00007fff505b0000 - 0x00007fff505de000 	C:\Windows\SYSTEM32\USERENV.dll
0x00007fff50dd0000 - 0x00007fff50e53000 	C:\Windows\System32\bcryptprimitives.dll
0x00007fff4ffa0000 - 0x00007fff4ffac000 	C:\Windows\SYSTEM32\CRYPTBASE.dll
0x00007fff4fa80000 - 0x00007fff4fabb000 	C:\Windows\SYSTEM32\IPHLPAPI.DLL
0x00007fff51730000 - 0x00007fff51738000 	C:\Windows\System32\NSI.dll
0x00007fff479c0000 - 0x00007fff479d7000 	C:\Windows\SYSTEM32\dhcpcsvc6.DLL
0x00007fff49390000 - 0x00007fff493ad000 	C:\Windows\SYSTEM32\dhcpcsvc.DLL
0x00007fff4fac0000 - 0x00007fff4fb8c000 	C:\Windows\SYSTEM32\DNSAPI.dll
0x00007fff42880000 - 0x00007fff42a64000 	C:\Windows\SYSTEM32\dbghelp.dll

VM Arguments:
jvm_args: -Xmx2048m -Dfile.encoding=UTF-8 -Duser.country=US -Duser.language=en -Duser.variant 
java_command: org.gradle.launcher.daemon.bootstrap.GradleDaemon 7.0.2
java_class_path (initial): C:\Users\phongvv\.gradle\wrapper\dists\gradle-7.0.2-bin\857tjihv64xamwrf0h14cai3r\gradle-7.0.2\lib\gradle-launcher-7.0.2.jar
Launcher Type: SUN_STANDARD

Environment Variables:
PATH=C:\Program Files (x86)\Common Files\Oracle\Java\javapath;C:\Windows\system32;C:\Windows;C:\Windows\System32\Wbem;C:\Windows\System32\WindowsPowerShell\v1.0\;C:\Windows\System32\OpenSSH\;C:\Program Files\Git\cmd;C:\Program Files (x86)\dotnet\;C:\Program Files\Java\jdk1.8.0_301\bin;C:\Program Files\nodejs\;C:\Users\phongvv\AppData\Local\Microsoft\WindowsApps;C:\Users\phongvv\AppData\Local\GitHubDesktop\bin;C:\Users\phongvv\AppData\Local\Programs\Microsoft VS Code\bin;C:\Users\phongvv\Documents\flutter\bin;C:\Users\phongvv\Documents\flutter;C:\Users\phongvv\AppData\Roaming\npm
USERNAME=Asus
OS=Windows_NT
PROCESSOR_IDENTIFIER=AMD64 Family 23 Model 24 Stepping 1, AuthenticAMD



---------------  S Y S T E M  ---------------

OS: Windows 10.0 , 64 bit Build 19041 (10.0.19041.1202)

CPU:total 8 (initial active 8) (8 cores per cpu, 1 threads per core) family 23 model 24 stepping 1, cmov, cx8, fxsr, mmx, sse, sse2, sse3, ssse3, sse4.1, sse4.2, popcnt, avx, avx2, aes, clmul, mmxext, 3dnowpref, lzcnt, sse4a, tsc, tscinvbit, tscinv, bmi1

Memory: 4k page, physical 16582972k(1355032k free), swap 47760064k(5812k free)

vm_info: Java HotSpot(TM) 64-Bit Server VM (25.301-b09) for windows-amd64 JRE (1.8.0_301-b09), built on Jun  9 2021 06:46:21 by "java_re" with MS VC++ 15.9 (VS2017)

time: Mon Nov  8 16:46:01 2021
timezone: SE Asia Standard Time
elapsed time: 4.816991 seconds (0d 0h 0m 4s)

