#
# There is insufficient memory for the Java Runtime Environment to continue.
# Native memory allocation (malloc) failed to allocate 707536 bytes for Chunk::new
# Possible reasons:
#   The system is out of physical RAM or swap space
#   The process is running with CompressedOops enabled, and the Java Heap may be blocking the growth of the native heap
# Possible solutions:
#   Reduce memory load on the system
#   Increase physical memory or swap space
#   Check if swap backing store is full
#   Decrease Java heap size (-Xmx/-Xms)
#   Decrease number of Java threads
#   Decrease Java thread stack sizes (-Xss)
#   Set larger code cache with -XX:ReservedCodeCacheSize=
#   JVM is running with Unscaled Compressed Oops mode in which the Java heap is
#     placed in the first 4GB address space. The Java Heap base address is the
#     maximum limit for the native heap growth. Please use -XX:HeapBaseMinAddress
#     to set the Java Heap base and to place the Java Heap above 4GB virtual address.
# This output file may be truncated or incomplete.
#
#  Out of Memory Error (allocation.cpp:389), pid=17848, tid=0x00000000000043a0
#
# JRE version: Java(TM) SE Runtime Environment (8.0_301-b09) (build 1.8.0_301-b09)
# Java VM: Java HotSpot(TM) 64-Bit Server VM (25.301-b09 mixed mode windows-amd64 compressed oops)
# Failed to write core dump. Minidumps are not enabled by default on client versions of Windows
#

---------------  T H R E A D  ---------------

Current thread (0x000001ed23687000):  JavaThread "C2 CompilerThread1" daemon [_thread_in_native, id=17312, stack(0x000000319de00000,0x000000319df00000)]

Stack: [0x000000319de00000,0x000000319df00000]
Native frames: (J=compiled Java code, j=interpreted, Vv=VM code, C=native code)
V  [jvm.dll+0x32ed79]


Current CompileTask:
C2:   7371 5170       4       com.sun.beans.TypeResolver::resolve (37 bytes)


---------------  P R O C E S S  ---------------

Java Threads: ( => current thread )
  0x000001ed26fc8000 JavaThread "Memory manager" [_thread_blocked, id=10636, stack(0x00000031a0a00000,0x00000031a0b00000)]
  0x000001ed26fc9000 JavaThread "jar transforms Thread 8" [_thread_blocked, id=9072, stack(0x00000031a0900000,0x00000031a0a00000)]
  0x000001ed26fcf000 JavaThread "jar transforms Thread 7" [_thread_blocked, id=20016, stack(0x00000031a0800000,0x00000031a0900000)]
  0x000001ed26fc9800 JavaThread "jar transforms Thread 6" [_thread_blocked, id=17528, stack(0x00000031a0700000,0x00000031a0800000)]
  0x000001ed26fcc800 JavaThread "jar transforms Thread 5" [_thread_blocked, id=15780, stack(0x00000031a0600000,0x00000031a0700000)]
  0x000001ed26fce000 JavaThread "jar transforms Thread 4" [_thread_blocked, id=19220, stack(0x00000031a0500000,0x00000031a0600000)]
  0x000001ed28c7e000 JavaThread "Build operations Thread 8" [_thread_blocked, id=10732, stack(0x00000031a0400000,0x00000031a0500000)]
  0x000001ed28c7d000 JavaThread "Build operations Thread 7" [_thread_blocked, id=6344, stack(0x00000031a0300000,0x00000031a0400000)]
  0x000001ed28c7a000 JavaThread "Build operations Thread 6" [_thread_blocked, id=16332, stack(0x00000031a0200000,0x00000031a0300000)]
  0x000001ed28c7b000 JavaThread "Build operations Thread 5" [_thread_blocked, id=16652, stack(0x00000031a0100000,0x00000031a0200000)]
  0x000001ed28c79800 JavaThread "Build operations Thread 4" [_thread_blocked, id=16828, stack(0x00000031a0000000,0x00000031a0100000)]
  0x000001ed28c7b800 JavaThread "Build operations Thread 3" [_thread_blocked, id=12404, stack(0x000000319ff00000,0x00000031a0000000)]
  0x000001ed28c7c800 JavaThread "Build operations Thread 2" [_thread_blocked, id=7048, stack(0x000000319fe00000,0x000000319ff00000)]
  0x000001ed28c72000 JavaThread "Build operations" [_thread_blocked, id=18500, stack(0x000000319fd00000,0x000000319fe00000)]
  0x000001ed28c78800 JavaThread "Cache worker for Build Output Cleanup Cache (D:\DATN\JavaLab\.gradle\buildOutputCleanup)" [_thread_blocked, id=3344, stack(0x000000319fc00000,0x000000319fd00000)]
  0x000001ed28c78000 JavaThread "jar transforms Thread 3" [_thread_blocked, id=8508, stack(0x000000319fb00000,0x000000319fc00000)]
  0x000001ed28c70000 JavaThread "Cache worker for dependencies-accessors (D:\DATN\JavaLab\.gradle\7.0.2\dependencies-accessors)" [_thread_blocked, id=4076, stack(0x000000319fa00000,0x000000319fb00000)]
  0x000001ed28c76800 JavaThread "Cache worker for file content cache (C:\Users\phongvv\.gradle\caches\7.0.2\fileContent)" [_thread_blocked, id=9124, stack(0x000000319f900000,0x000000319fa00000)]
  0x000001ed28c6e800 JavaThread "jar transforms Thread 2" [_thread_blocked, id=20284, stack(0x000000319f800000,0x000000319f900000)]
  0x000001ed28c71000 JavaThread "jar transforms" [_thread_blocked, id=11416, stack(0x000000319f700000,0x000000319f800000)]
  0x000001ed28c75800 JavaThread "Cache worker for execution history cache (C:\Users\phongvv\.gradle\caches\7.0.2\executionHistory)" [_thread_blocked, id=11716, stack(0x000000319f600000,0x000000319f700000)]
  0x000001ed28c75000 JavaThread "Cache worker for cache directory md-rule (C:\Users\phongvv\.gradle\caches\7.0.2\md-rule)" [_thread_blocked, id=12300, stack(0x000000319f500000,0x000000319f600000)]
  0x000001ed28c72800 JavaThread "Cache worker for cache directory md-supplier (C:\Users\phongvv\.gradle\caches\7.0.2\md-supplier)" [_thread_blocked, id=16012, stack(0x000000319f400000,0x000000319f500000)]
  0x000001ed2368f800 JavaThread "Cache worker for checksums cache (D:\DATN\JavaLab\.gradle\checksums)" [_thread_blocked, id=11076, stack(0x000000319f300000,0x000000319f400000)]
  0x000001ed2368e000 JavaThread "File watcher consumer" daemon [_thread_blocked, id=2196, stack(0x000000319f200000,0x000000319f300000)]
  0x000001ed23695000 JavaThread "File watcher server" daemon [_thread_in_native, id=13408, stack(0x000000319f100000,0x000000319f200000)]
  0x000001ed23694000 JavaThread "Cache worker for file hash cache (D:\DATN\JavaLab\.gradle\7.0.2\fileHashes)" [_thread_blocked, id=16724, stack(0x000000319f000000,0x000000319f100000)]
  0x000001ed23692800 JavaThread "Cache worker for journal cache (C:\Users\phongvv\.gradle\caches\journal-1)" [_thread_blocked, id=6332, stack(0x000000319ef00000,0x000000319f000000)]
  0x000001ed23693800 JavaThread "File lock request listener" [_thread_in_native, id=20960, stack(0x000000319ee00000,0x000000319ef00000)]
  0x000001ed23690000 JavaThread "Cache worker for file hash cache (C:\Users\phongvv\.gradle\caches\7.0.2\fileHashes)" [_thread_blocked, id=10032, stack(0x000000319ed00000,0x000000319ee00000)]
  0x000001ed265d4000 JavaThread "Daemon client event forwarder" [_thread_blocked, id=17508, stack(0x000000319ec00000,0x000000319ed00000)]
  0x000001ed26642000 JavaThread "Stdin handler" [_thread_blocked, id=14140, stack(0x000000319eb00000,0x000000319ec00000)]
  0x000001ed26645000 JavaThread "Asynchronous log dispatcher for DefaultDaemonConnection: socket connection from /127.0.0.1:56898 to /127.0.0.1:56899" [_thread_blocked, id=3888, stack(0x000000319ea00000,0x000000319eb00000)]
  0x000001ed265c8800 JavaThread "Daemon worker" [_thread_in_native, id=19292, stack(0x000000319e900000,0x000000319ea00000)]
  0x000001ed265c2000 JavaThread "Cancel handler" [_thread_blocked, id=20300, stack(0x000000319e800000,0x000000319e900000)]
  0x000001ed2662c800 JavaThread "Handler for socket connection from /127.0.0.1:56898 to /127.0.0.1:56899" [_thread_in_native, id=1720, stack(0x000000319e700000,0x000000319e800000)]
  0x000001ed26624800 JavaThread "Daemon" [_thread_blocked, id=21328, stack(0x000000319e600000,0x000000319e700000)]
  0x000001ed264cd000 JavaThread "Daemon periodic checks" [_thread_blocked, id=6864, stack(0x000000319e500000,0x000000319e600000)]
  0x000001ed264bb000 JavaThread "Incoming local TCP Connector on port 56898" [_thread_in_native, id=13536, stack(0x000000319e400000,0x000000319e500000)]
  0x000001ed26316000 JavaThread "Daemon health stats" [_thread_blocked, id=18664, stack(0x000000319e300000,0x000000319e400000)]
  0x000001ed23709800 JavaThread "Service Thread" daemon [_thread_blocked, id=20952, stack(0x000000319e100000,0x000000319e200000)]
  0x000001ed23691000 JavaThread "C1 CompilerThread3" daemon [_thread_blocked, id=20956, stack(0x000000319e000000,0x000000319e100000)]
  0x000001ed2368e800 JavaThread "C2 CompilerThread2" daemon [_thread_in_native, id=1816, stack(0x000000319df00000,0x000000319e000000)]
=>0x000001ed23687000 JavaThread "C2 CompilerThread1" daemon [_thread_in_native, id=17312, stack(0x000000319de00000,0x000000319df00000)]
  0x000001ed2367d800 JavaThread "C2 CompilerThread0" daemon [_thread_in_native, id=10232, stack(0x000000319dd00000,0x000000319de00000)]
  0x000001ed2367b800 JavaThread "Attach Listener" daemon [_thread_blocked, id=252, stack(0x000000319dc00000,0x000000319dd00000)]
  0x000001ed23682800 JavaThread "Signal Dispatcher" daemon [_thread_blocked, id=7104, stack(0x000000319db00000,0x000000319dc00000)]
  0x000001ed22a6c800 JavaThread "Finalizer" daemon [_thread_blocked, id=14632, stack(0x000000319da00000,0x000000319db00000)]
  0x000001ed22a66000 JavaThread "Reference Handler" daemon [_thread_blocked, id=4628, stack(0x000000319d900000,0x000000319da00000)]
  0x000001ed0c93e800 JavaThread "main" [_thread_blocked, id=20328, stack(0x000000319cf00000,0x000000319d000000)]

Other Threads:
  0x000001ed23633800 VMThread [stack: 0x000000319d800000,0x000000319d900000] [id=12496]
  0x000001ed2370d000 WatcherThread [stack: 0x000000319e200000,0x000000319e300000] [id=6420]

VM state:not at safepoint (normal execution)

VM Mutex/Monitor currently owned by a thread: None

heap address: 0x0000000080000000, size: 2048 MB, Compressed Oops mode: 32-bit
Narrow klass base: 0x0000000000000000, Narrow klass shift: 3
Compressed class space size: 1073741824 Address: 0x0000000100000000

Heap:
 PSYoungGen      total 154624K, used 103344K [0x00000000d5580000, 0x00000000e0980000, 0x0000000100000000)
  eden space 142848K, 64% used [0x00000000d5580000,0x00000000daeec460,0x00000000de100000)
  from space 11776K, 99% used [0x00000000df280000,0x00000000dfdfff50,0x00000000dfe00000)
  to   space 7680K, 0% used [0x00000000e0200000,0x00000000e0200000,0x00000000e0980000)
 ParOldGen       total 157184K, used 25203K [0x0000000080000000, 0x0000000089980000, 0x00000000d5580000)
  object space 157184K, 16% used [0x0000000080000000,0x000000008189ce10,0x0000000089980000)
 Metaspace       used 55082K, capacity 57762K, committed 57984K, reserved 1099776K
  class space    used 7650K, capacity 8202K, committed 8320K, reserved 1048576K

Card table byte_map: [0x000001ed1d6b0000,0x000001ed1dac0000] byte_map_base: 0x000001ed1d2b0000

Marking Bits: (ParMarkBitMap*) 0x0000000065657fe0
 Begin Bits: [0x000001ed1dd70000, 0x000001ed1fd70000)
 End Bits:   [0x000001ed1fd70000, 0x000001ed21d70000)

Polling page: 0x000001ed0cad0000

CodeCache: size=245760Kb used=16099Kb max_used=16099Kb free=229660Kb
 bounds [0x000001ed0e2f0000, 0x000001ed0f2c0000, 0x000001ed1d2f0000]
 total_blobs=5611 nmethods=4825 adapters=698
 compilation: enabled

Compilation events (10 events):
Event: 7.353 Thread 0x000001ed23691000 5316       3       org.gradle.api.internal.AbstractMutationGuard::withMutationDisabled (7 bytes)
Event: 7.353 Thread 0x000001ed23691000 nmethod 5316 0x000001ed0f2b2ad0 code [0x000001ed0f2b2c40, 0x000001ed0f2b2e70]
Event: 7.358 Thread 0x000001ed23691000 5317       3       org.gradle.api.attributes.Attribute::of (10 bytes)
Event: 7.359 Thread 0x000001ed23691000 nmethod 5317 0x000001ed0f2b2f10 code [0x000001ed0f2b30a0, 0x000001ed0f2b34a0]
Event: 7.359 Thread 0x000001ed23691000 5318       1       org.gradle.api.internal.artifacts.configurations.DefaultConfiguration::getIncoming (5 bytes)
Event: 7.360 Thread 0x000001ed23691000 nmethod 5318 0x000001ed0f2b3690 code [0x000001ed0f2b37e0, 0x000001ed0f2b38f8]
Event: 7.360 Thread 0x000001ed23691000 5319       3       org.gradle.api.specs.Specs::satisfyAll (10 bytes)
Event: 7.360 Thread 0x000001ed23691000 nmethod 5319 0x000001ed0f2b3950 code [0x000001ed0f2b3aa0, 0x000001ed0f2b3c38]
Event: 7.364 Thread 0x000001ed23691000 5320       1       org.gradle.api.internal.DefaultNamedDomainObjectCollection$AbstractNamedDomainObjectProvider::getName (5 bytes)
Event: 7.364 Thread 0x000001ed23691000 nmethod 5320 0x000001ed0f2b3cd0 code [0x000001ed0f2b3e20, 0x000001ed0f2b3f38]

GC Heap History (10 events):
Event: 3.710 GC heap before
{Heap before GC invocations=7 (full 1):
 PSYoungGen      total 75776K, used 69972K [0x00000000d5580000, 0x00000000dd000000, 0x0000000100000000)
  eden space 65024K, 100% used [0x00000000d5580000,0x00000000d9500000,0x00000000d9500000)
  from space 10752K, 46% used [0x00000000d9500000,0x00000000d99d5100,0x00000000d9f80000)
  to   space 12288K, 0% used [0x00000000dc400000,0x00000000dc400000,0x00000000dd000000)
 ParOldGen       total 101888K, used 9067K [0x0000000080000000, 0x0000000086380000, 0x00000000d5580000)
  object space 101888K, 8% used [0x0000000080000000,0x00000000808dad48,0x0000000086380000)
 Metaspace       used 32133K, capacity 33406K, committed 33664K, reserved 1077248K
  class space    used 4616K, capacity 4886K, committed 4992K, reserved 1048576K
Event: 3.718 GC heap after
Heap after GC invocations=7 (full 1):
 PSYoungGen      total 112640K, used 9701K [0x00000000d5580000, 0x00000000dd180000, 0x0000000100000000)
  eden space 100352K, 0% used [0x00000000d5580000,0x00000000d5580000,0x00000000db780000)
  from space 12288K, 78% used [0x00000000dc400000,0x00000000dcd795a0,0x00000000dd000000)
  to   space 12800K, 0% used [0x00000000db780000,0x00000000db780000,0x00000000dc400000)
 ParOldGen       total 101888K, used 9075K [0x0000000080000000, 0x0000000086380000, 0x00000000d5580000)
  object space 101888K, 8% used [0x0000000080000000,0x00000000808dcd48,0x0000000086380000)
 Metaspace       used 32133K, capacity 33406K, committed 33664K, reserved 1077248K
  class space    used 4616K, capacity 4886K, committed 4992K, reserved 1048576K
}
Event: 3.889 GC heap before
{Heap before GC invocations=8 (full 1):
 PSYoungGen      total 112640K, used 37148K [0x00000000d5580000, 0x00000000dd180000, 0x0000000100000000)
  eden space 100352K, 27% used [0x00000000d5580000,0x00000000d704ddf0,0x00000000db780000)
  from space 12288K, 78% used [0x00000000dc400000,0x00000000dcd795a0,0x00000000dd000000)
  to   space 12800K, 0% used [0x00000000db780000,0x00000000db780000,0x00000000dc400000)
 ParOldGen       total 101888K, used 9075K [0x0000000080000000, 0x0000000086380000, 0x00000000d5580000)
  object space 101888K, 8% used [0x0000000080000000,0x00000000808dcd48,0x0000000086380000)
 Metaspace       used 34138K, capacity 35452K, committed 35496K, reserved 1079296K
  class space    used 4813K, capacity 5101K, committed 5120K, reserved 1048576K
Event: 3.895 GC heap after
Heap after GC invocations=8 (full 1):
 PSYoungGen      total 113152K, used 7428K [0x00000000d5580000, 0x00000000e0e00000, 0x0000000100000000)
  eden space 100352K, 0% used [0x00000000d5580000,0x00000000d5580000,0x00000000db780000)
  from space 12800K, 58% used [0x00000000db780000,0x00000000dbec1180,0x00000000dc400000)
  to   space 12288K, 0% used [0x00000000e0200000,0x00000000e0200000,0x00000000e0e00000)
 ParOldGen       total 101888K, used 9083K [0x0000000080000000, 0x0000000086380000, 0x00000000d5580000)
  object space 101888K, 8% used [0x0000000080000000,0x00000000808ded48,0x0000000086380000)
 Metaspace       used 34138K, capacity 35452K, committed 35496K, reserved 1079296K
  class space    used 4813K, capacity 5101K, committed 5120K, reserved 1048576K
}
Event: 3.895 GC heap before
{Heap before GC invocations=9 (full 2):
 PSYoungGen      total 113152K, used 7428K [0x00000000d5580000, 0x00000000e0e00000, 0x0000000100000000)
  eden space 100352K, 0% used [0x00000000d5580000,0x00000000d5580000,0x00000000db780000)
  from space 12800K, 58% used [0x00000000db780000,0x00000000dbec1180,0x00000000dc400000)
  to   space 12288K, 0% used [0x00000000e0200000,0x00000000e0200000,0x00000000e0e00000)
 ParOldGen       total 101888K, used 9083K [0x0000000080000000, 0x0000000086380000, 0x00000000d5580000)
  object space 101888K, 8% used [0x0000000080000000,0x00000000808ded48,0x0000000086380000)
 Metaspace       used 34138K, capacity 35452K, committed 35496K, reserved 1079296K
  class space    used 4813K, capacity 5101K, committed 5120K, reserved 1048576K
Event: 3.931 GC heap after
Heap after GC invocations=9 (full 2):
 PSYoungGen      total 113152K, used 0K [0x00000000d5580000, 0x00000000e0e00000, 0x0000000100000000)
  eden space 100352K, 0% used [0x00000000d5580000,0x00000000d5580000,0x00000000db780000)
  from space 12800K, 0% used [0x00000000db780000,0x00000000db780000,0x00000000dc400000)
  to   space 12288K, 0% used [0x00000000e0200000,0x00000000e0200000,0x00000000e0e00000)
 ParOldGen       total 157184K, used 14306K [0x0000000080000000, 0x0000000089980000, 0x00000000d5580000)
  object space 157184K, 9% used [0x0000000080000000,0x0000000080df8808,0x0000000089980000)
 Metaspace       used 34138K, capacity 35452K, committed 35496K, reserved 1079296K
  class space    used 4813K, capacity 5101K, committed 5120K, reserved 1048576K
}
Event: 4.789 GC heap before
{Heap before GC invocations=10 (full 2):
 PSYoungGen      total 113152K, used 100352K [0x00000000d5580000, 0x00000000e0e00000, 0x0000000100000000)
  eden space 100352K, 100% used [0x00000000d5580000,0x00000000db780000,0x00000000db780000)
  from space 12800K, 0% used [0x00000000db780000,0x00000000db780000,0x00000000dc400000)
  to   space 12288K, 0% used [0x00000000e0200000,0x00000000e0200000,0x00000000e0e00000)
 ParOldGen       total 157184K, used 14306K [0x0000000080000000, 0x0000000089980000, 0x00000000d5580000)
  object space 157184K, 9% used [0x0000000080000000,0x0000000080df8808,0x0000000089980000)
 Metaspace       used 38030K, capacity 39850K, committed 40192K, reserved 1083392K
  class space    used 5391K, capacity 5778K, committed 5888K, reserved 1048576K
Event: 4.795 GC heap after
Heap after GC invocations=10 (full 2):
 PSYoungGen      total 150528K, used 7334K [0x00000000d5580000, 0x00000000e0980000, 0x0000000100000000)
  eden space 142848K, 0% used [0x00000000d5580000,0x00000000d5580000,0x00000000de100000)
  from space 7680K, 95% used [0x00000000e0200000,0x00000000e0929868,0x00000000e0980000)
  to   space 11776K, 0% used [0x00000000df280000,0x00000000df280000,0x00000000dfe00000)
 ParOldGen       total 157184K, used 14314K [0x0000000080000000, 0x0000000089980000, 0x00000000d5580000)
  object space 157184K, 9% used [0x0000000080000000,0x0000000080dfa808,0x0000000089980000)
 Metaspace       used 38030K, capacity 39850K, committed 40192K, reserved 1083392K
  class space    used 5391K, capacity 5778K, committed 5888K, reserved 1048576K
}
Event: 6.549 GC heap before
{Heap before GC invocations=11 (full 2):
 PSYoungGen      total 150528K, used 150182K [0x00000000d5580000, 0x00000000e0980000, 0x0000000100000000)
  eden space 142848K, 100% used [0x00000000d5580000,0x00000000de100000,0x00000000de100000)
  from space 7680K, 95% used [0x00000000e0200000,0x00000000e0929868,0x00000000e0980000)
  to   space 11776K, 0% used [0x00000000df280000,0x00000000df280000,0x00000000dfe00000)
 ParOldGen       total 157184K, used 14314K [0x0000000080000000, 0x0000000089980000, 0x00000000d5580000)
  object space 157184K, 9% used [0x0000000080000000,0x0000000080dfa808,0x0000000089980000)
 Metaspace       used 49890K, capacity 52352K, committed 52608K, reserved 1093632K
  class space    used 6928K, capacity 7425K, committed 7552K, reserved 1048576K
Event: 6.564 GC heap after
Heap after GC invocations=11 (full 2):
 PSYoungGen      total 154624K, used 11775K [0x00000000d5580000, 0x00000000e0980000, 0x0000000100000000)
  eden space 142848K, 0% used [0x00000000d5580000,0x00000000d5580000,0x00000000de100000)
  from space 11776K, 99% used [0x00000000df280000,0x00000000dfdfff50,0x00000000dfe00000)
  to   space 7680K, 0% used [0x00000000e0200000,0x00000000e0200000,0x00000000e0980000)
 ParOldGen       total 157184K, used 25203K [0x0000000080000000, 0x0000000089980000, 0x00000000d5580000)
  object space 157184K, 16% used [0x0000000080000000,0x000000008189ce10,0x0000000089980000)
 Metaspace       used 49890K, capacity 52352K, committed 52608K, reserved 1093632K
  class space    used 6928K, capacity 7425K, committed 7552K, reserved 1048576K
}

Deoptimization events (10 events):
Event: 6.536 Thread 0x000001ed265c8800 Uncommon trap: reason=unstable_if action=reinterpret pc=0x000001ed0e83f170 method=java.util.jar.JarFile.maybeInstantiateVerifier()V @ 4
Event: 6.536 Thread 0x000001ed265c8800 Uncommon trap: reason=unstable_if action=reinterpret pc=0x000001ed0ed75904 method=java.util.jar.JarFile.maybeInstantiateVerifier()V @ 4
Event: 6.571 Thread 0x000001ed265c8800 Uncommon trap: reason=unstable_if action=reinterpret pc=0x000001ed0ea8c778 method=java.util.LinkedHashMap.get(Ljava/lang/Object;)Ljava/lang/Object; @ 20
Event: 6.778 Thread 0x000001ed265c8800 Uncommon trap: reason=predicate action=maybe_recompile pc=0x000001ed0f17cc74 method=java.util.AbstractCollection.toArray([Ljava/lang/Object;)[Ljava/lang/Object; @ 49
Event: 6.835 Thread 0x000001ed265c8800 Uncommon trap: reason=unstable_if action=reinterpret pc=0x000001ed0ee14064 method=org.gradle.internal.reflect.PropertyAccessorType.of(Ljava/lang/reflect/Method;)Lorg/gradle/internal/reflect/PropertyAccessorType; @ 56
Event: 7.026 Thread 0x000001ed265c8800 Uncommon trap: reason=null_check action=make_not_entrant pc=0x000001ed0eb5a590 method=java.lang.Class.searchMethods([Ljava/lang/reflect/Method;Ljava/lang/String;[Ljava/lang/Class;)Ljava/lang/reflect/Method; @ 59
Event: 7.036 Thread 0x000001ed265c8800 Uncommon trap: reason=array_check action=maybe_recompile pc=0x000001ed0f22fbcc method=java.util.AbstractCollection.toArray([Ljava/lang/Object;)[Ljava/lang/Object; @ 119
Event: 7.036 Thread 0x000001ed265c8800 Uncommon trap: reason=array_check action=maybe_recompile pc=0x000001ed0f22fbcc method=java.util.AbstractCollection.toArray([Ljava/lang/Object;)[Ljava/lang/Object; @ 119
Event: 7.037 Thread 0x000001ed265c8800 Uncommon trap: reason=array_check action=maybe_recompile pc=0x000001ed0f22fbcc method=java.util.AbstractCollection.toArray([Ljava/lang/Object;)[Ljava/lang/Object; @ 119
Event: 7.037 Thread 0x000001ed265c8800 Uncommon trap: reason=array_check action=maybe_recompile pc=0x000001ed0f22fbcc method=java.util.AbstractCollection.toArray([Ljava/lang/Object;)[Ljava/lang/Object; @ 119

Classes redefined (0 events):
No events

Internal exceptions (10 events):
Event: 7.090 Thread 0x000001ed265c8800 Exception <a 'java/lang/ClassNotFoundException': com/android/build/gradle/internal/CompileOptions_DecoratedBeanInfo> (0x00000000d9538f30) thrown at [C:\jenkins\workspace\8-2-build-windows-amd64-cygwin\jdk8u301\1513\hotspot\src\share\vm\classfile\systemDic
Event: 7.091 Thread 0x000001ed265c8800 Exception <a 'java/lang/ClassNotFoundException': com/android/build/gradle/internal/CompileOptionsBeanInfo> (0x00000000d9555438) thrown at [C:\jenkins\workspace\8-2-build-windows-amd64-cygwin\jdk8u301\1513\hotspot\src\share\vm\classfile\systemDictionary.cp
Event: 7.091 Thread 0x000001ed265c8800 Exception <a 'java/lang/ClassNotFoundException': com/android/build/gradle/internal/CompileOptionsCustomizer> (0x00000000d9571950) thrown at [C:\jenkins\workspace\8-2-build-windows-amd64-cygwin\jdk8u301\1513\hotspot\src\share\vm\classfile\systemDictionary.
Event: 7.092 Thread 0x000001ed265c8800 Exception <a 'java/lang/ClassNotFoundException': com/android/build/gradle/internal/CompileOptions_DecoratedCustomizer> (0x00000000d95a3978) thrown at [C:\jenkins\workspace\8-2-build-windows-amd64-cygwin\jdk8u301\1513\hotspot\src\share\vm\classfile\systemD
Event: 7.096 Thread 0x000001ed265c8800 Exception <a 'java/lang/ClassNotFoundException': com/android/build/gradle/internal/dsl/ApplicationBuildFeaturesImpl_DecoratedBeanInfo> (0x00000000d966d578) thrown at [C:\jenkins\workspace\8-2-build-windows-amd64-cygwin\jdk8u301\1513\hotspot\src\share\vm\c
Event: 7.097 Thread 0x000001ed265c8800 Exception <a 'java/lang/ClassNotFoundException': com/android/build/gradle/internal/dsl/ApplicationBuildFeaturesImplBeanInfo> (0x00000000d968e738) thrown at [C:\jenkins\workspace\8-2-build-windows-amd64-cygwin\jdk8u301\1513\hotspot\src\share\vm\classfile\s
Event: 7.097 Thread 0x000001ed265c8800 Exception <a 'java/lang/ClassNotFoundException': com/android/build/gradle/internal/dsl/BuildFeaturesImplBeanInfo> (0x00000000d96accc0) thrown at [C:\jenkins\workspace\8-2-build-windows-amd64-cygwin\jdk8u301\1513\hotspot\src\share\vm\classfile\systemDictio
Event: 7.097 Thread 0x000001ed265c8800 Exception <a 'java/lang/ClassNotFoundException': com/android/build/gradle/internal/dsl/BuildFeaturesImplCustomizer> (0x00000000d96cb7c8) thrown at [C:\jenkins\workspace\8-2-build-windows-amd64-cygwin\jdk8u301\1513\hotspot\src\share\vm\classfile\systemDict
Event: 7.098 Thread 0x000001ed265c8800 Exception <a 'java/lang/ClassNotFoundException': com/android/build/gradle/internal/dsl/ApplicationBuildFeaturesImplCustomizer> (0x00000000d9700d98) thrown at [C:\jenkins\workspace\8-2-build-windows-amd64-cygwin\jdk8u301\1513\hotspot\src\share\vm\classfile
Event: 7.099 Thread 0x000001ed265c8800 Exception <a 'java/lang/ClassNotFoundException': com/android/build/gradle/internal/dsl/ApplicationBuildFeaturesImpl_DecoratedCustomizer> (0x00000000d972ee38) thrown at [C:\jenkins\workspace\8-2-build-windows-amd64-cygwin\jdk8u301\1513\hotspot\src\share\vm

Events (10 events):
Event: 7.364 loading class com/android/build/gradle/internal/tasks/ModuleMetadataWriterTask$CreationAction$handleProvider$1
Event: 7.364 loading class com/android/build/gradle/internal/tasks/ModuleMetadataWriterTask$CreationAction$handleProvider$1 done
Event: 7.365 loading class com/android/build/gradle/internal/tasks/ApplicationIdWriterTask
Event: 7.365 loading class com/android/build/gradle/internal/tasks/ApplicationIdWriterTask done
Event: 7.366 loading class com/android/build/gradle/internal/tasks/ApplicationIdWriterTask$CreationAction$handleProvider$1
Event: 7.366 loading class com/android/build/gradle/internal/tasks/ApplicationIdWriterTask$CreationAction$handleProvider$1 done
Event: 7.366 loading class com/android/build/gradle/internal/scope/InternalArtifactType$METADATA_APPLICATION_ID
Event: 7.366 loading class com/android/build/gradle/internal/scope/InternalArtifactType$METADATA_APPLICATION_ID done
Event: 7.366 loading class org/gradle/api/internal/resources/FileCollectionBackedTextResource
Event: 7.366 loading class org/gradle/api/internal/resources/FileCollectionBackedTextResource done


Dynamic libraries:
0x00007ff7ea3f0000 - 0x00007ff7ea437000 	C:\Program Files\Java\jdk1.8.0_301\bin\java.exe
0x00007fff52f90000 - 0x00007fff53185000 	C:\Windows\SYSTEM32\ntdll.dll
0x00007fff51c90000 - 0x00007fff51d4e000 	C:\Windows\System32\KERNEL32.DLL
0x00007fff50ad0000 - 0x00007fff50d99000 	C:\Windows\System32\KERNELBASE.dll
0x00007fff51550000 - 0x00007fff515fc000 	C:\Windows\System32\ADVAPI32.dll
0x00007fff51d50000 - 0x00007fff51dee000 	C:\Windows\System32\msvcrt.dll
0x00007fff512d0000 - 0x00007fff5136b000 	C:\Windows\System32\sechost.dll
0x00007fff51600000 - 0x00007fff5172a000 	C:\Windows\System32\RPCRT4.dll
0x00007fff52b30000 - 0x00007fff52cd1000 	C:\Windows\System32\USER32.dll
0x00007fff50eb0000 - 0x00007fff50ed2000 	C:\Windows\System32\win32u.dll
0x00007fff52ce0000 - 0x00007fff52d0b000 	C:\Windows\System32\GDI32.dll
0x00007fff506b0000 - 0x00007fff507bb000 	C:\Windows\System32\gdi32full.dll
0x00007fff50ee0000 - 0x00007fff50f7d000 	C:\Windows\System32\msvcp_win.dll
0x00007fff509d0000 - 0x00007fff50ad0000 	C:\Windows\System32\ucrtbase.dll
0x00007fff3e3a0000 - 0x00007fff3e63a000 	C:\Windows\WinSxS\amd64_microsoft.windows.common-controls_6595b64144ccf1df_6.0.19041.1110_none_60b5254171f9507e\COMCTL32.dll
0x00007fff52d70000 - 0x00007fff52da0000 	C:\Windows\System32\IMM32.DLL
0x00007fff4adb0000 - 0x00007fff4adc5000 	C:\Program Files\Java\jdk1.8.0_301\jre\bin\vcruntime140.dll
0x00007fff2cff0000 - 0x00007fff2d08b000 	C:\Program Files\Java\jdk1.8.0_301\jre\bin\msvcp140.dll
0x0000000064e70000 - 0x00000000656d0000 	C:\Program Files\Java\jdk1.8.0_301\jre\bin\server\jvm.dll
0x00007fff51370000 - 0x00007fff51378000 	C:\Windows\System32\PSAPI.DLL
0x00007fff47240000 - 0x00007fff47267000 	C:\Windows\SYSTEM32\WINMM.dll
0x00007fff4b340000 - 0x00007fff4b349000 	C:\Windows\SYSTEM32\WSOCK32.dll
0x00007fff47270000 - 0x00007fff4727a000 	C:\Windows\SYSTEM32\VERSION.dll
0x00007fff51c20000 - 0x00007fff51c8b000 	C:\Windows\System32\WS2_32.dll
0x00007fff4e5b0000 - 0x00007fff4e5c2000 	C:\Windows\SYSTEM32\kernel.appcore.dll
0x00007fff4c530000 - 0x00007fff4c540000 	C:\Program Files\Java\jdk1.8.0_301\jre\bin\verify.dll
0x00007fff39af0000 - 0x00007fff39b1b000 	C:\Program Files\Java\jdk1.8.0_301\jre\bin\java.dll
0x00007fff452a0000 - 0x00007fff452b8000 	C:\Program Files\Java\jdk1.8.0_301\jre\bin\zip.dll
0x00007fff51df0000 - 0x00007fff5252f000 	C:\Windows\System32\SHELL32.dll
0x00007fff4e7b0000 - 0x00007fff4ef40000 	C:\Windows\SYSTEM32\windows.storage.dll
0x00007fff52540000 - 0x00007fff52895000 	C:\Windows\System32\combase.dll
0x00007fff50030000 - 0x00007fff5005c000 	C:\Windows\SYSTEM32\Wldp.dll
0x00007fff50fe0000 - 0x00007fff5108e000 	C:\Windows\System32\SHCORE.dll
0x00007fff52ef0000 - 0x00007fff52f45000 	C:\Windows\System32\shlwapi.dll
0x00007fff505f0000 - 0x00007fff5060f000 	C:\Windows\SYSTEM32\profapi.dll
0x00007fff3d8b0000 - 0x00007fff3d8cc000 	C:\Program Files\Java\jdk1.8.0_301\jre\bin\net.dll
0x00007fff4fd90000 - 0x00007fff4fdfa000 	C:\Windows\system32\mswsock.dll
0x00007fff38ae0000 - 0x00007fff38af3000 	C:\Program Files\Java\jdk1.8.0_301\jre\bin\nio.dll
0x00007fff4b500000 - 0x00007fff4b527000 	C:\Users\phongvv\.gradle\native\8bec1ad78214c89d9ad589b4d07fe93259594b29d510b10fafb7a158f7737e5d\windows-amd64\native-platform.dll
0x00007fff2b3e0000 - 0x00007fff2b51d000 	C:\Users\phongvv\.gradle\native\53dbd7edfb1c66fb8903c78663c9afc45aea4f116125fa6feffd364cf09443e8\windows-amd64\native-platform-file-events.dll
0x00007fff4bb40000 - 0x00007fff4bb4d000 	C:\Program Files\Java\jdk1.8.0_301\jre\bin\management.dll
0x00007fff4ff80000 - 0x00007fff4ff98000 	C:\Windows\SYSTEM32\CRYPTSP.dll
0x00007fff4f710000 - 0x00007fff4f744000 	C:\Windows\system32\rsaenh.dll
0x00007fff50da0000 - 0x00007fff50dc7000 	C:\Windows\System32\bcrypt.dll
0x00007fff505b0000 - 0x00007fff505de000 	C:\Windows\SYSTEM32\USERENV.dll
0x00007fff50dd0000 - 0x00007fff50e53000 	C:\Windows\System32\bcryptprimitives.dll
0x00007fff4ffa0000 - 0x00007fff4ffac000 	C:\Windows\SYSTEM32\CRYPTBASE.dll
0x00007fff4fa80000 - 0x00007fff4fabb000 	C:\Windows\SYSTEM32\IPHLPAPI.DLL
0x00007fff51730000 - 0x00007fff51738000 	C:\Windows\System32\NSI.dll
0x00007fff479c0000 - 0x00007fff479d7000 	C:\Windows\SYSTEM32\dhcpcsvc6.DLL
0x00007fff49390000 - 0x00007fff493ad000 	C:\Windows\SYSTEM32\dhcpcsvc.DLL
0x00007fff4fac0000 - 0x00007fff4fb8c000 	C:\Windows\SYSTEM32\DNSAPI.dll

VM Arguments:
jvm_args: -Xmx2048m -Dfile.encoding=UTF-8 -Duser.country=US -Duser.language=en -Duser.variant 
java_command: org.gradle.launcher.daemon.bootstrap.GradleDaemon 7.0.2
java_class_path (initial): C:\Users\phongvv\.gradle\wrapper\dists\gradle-7.0.2-bin\857tjihv64xamwrf0h14cai3r\gradle-7.0.2\lib\gradle-launcher-7.0.2.jar
Launcher Type: SUN_STANDARD

Environment Variables:
PATH=C:\Program Files (x86)\Common Files\Oracle\Java\javapath;C:\Windows\system32;C:\Windows;C:\Windows\System32\Wbem;C:\Windows\System32\WindowsPowerShell\v1.0\;C:\Windows\System32\OpenSSH\;C:\Program Files\Git\cmd;C:\Program Files (x86)\dotnet\;C:\Program Files\Java\jdk1.8.0_301\bin;C:\Program Files\nodejs\;C:\Users\phongvv\AppData\Local\Microsoft\WindowsApps;C:\Users\phongvv\AppData\Local\GitHubDesktop\bin;C:\Users\phongvv\AppData\Local\Programs\Microsoft VS Code\bin;C:\Users\phongvv\Documents\flutter\bin;C:\Users\phongvv\Documents\flutter;C:\Users\phongvv\AppData\Roaming\npm
USERNAME=Asus
OS=Windows_NT
PROCESSOR_IDENTIFIER=AMD64 Family 23 Model 24 Stepping 1, AuthenticAMD



---------------  S Y S T E M  ---------------

OS: Windows 10.0 , 64 bit Build 19041 (10.0.19041.1202)

CPU:total 8 (initial active 8) (8 cores per cpu, 1 threads per core) family 23 model 24 stepping 1, cmov, cx8, fxsr, mmx, sse, sse2, sse3, ssse3, sse4.1, sse4.2, popcnt, avx, avx2, aes, clmul, mmxext, 3dnowpref, lzcnt, sse4a, tsc, tscinvbit, tscinv, bmi1

Memory: 4k page, physical 16582972k(1565604k free), swap 47760064k(4528k free)

vm_info: Java HotSpot(TM) 64-Bit Server VM (25.301-b09) for windows-amd64 JRE (1.8.0_301-b09), built on Jun  9 2021 06:46:21 by "java_re" with MS VC++ 15.9 (VS2017)

time: Mon Nov  8 16:43:40 2021
timezone: SE Asia Standard Time
elapsed time: 7.377290 seconds (0d 0h 0m 7s)

