#
# There is insufficient memory for the Java Runtime Environment to continue.
# Native memory allocation (malloc) failed to allocate 954096 bytes for Chunk::new
# Possible reasons:
#   The system is out of physical RAM or swap space
#   The process is running with CompressedOops enabled, and the Java Heap may be blocking the growth of the native heap
# Possible solutions:
#   Reduce memory load on the system
#   Increase physical memory or swap space
#   Check if swap backing store is full
#   Decrease Java heap size (-Xmx/-Xms)
#   Decrease number of Java threads
#   Decrease Java thread stack sizes (-Xss)
#   Set larger code cache with -XX:ReservedCodeCacheSize=
#   JVM is running with Unscaled Compressed Oops mode in which the Java heap is
#     placed in the first 4GB address space. The Java Heap base address is the
#     maximum limit for the native heap growth. Please use -XX:HeapBaseMinAddress
#     to set the Java Heap base and to place the Java Heap above 4GB virtual address.
# This output file may be truncated or incomplete.
#
#  Out of Memory Error (allocation.cpp:389), pid=9556, tid=0x0000000000004780
#
# JRE version: Java(TM) SE Runtime Environment (8.0_301-b09) (build 1.8.0_301-b09)
# Java VM: Java HotSpot(TM) 64-Bit Server VM (25.301-b09 mixed mode windows-amd64 compressed oops)
# Failed to write core dump. Minidumps are not enabled by default on client versions of Windows
#

---------------  T H R E A D  ---------------

Current thread (0x000001ff1da27000):  JavaThread "C2 CompilerThread2" daemon [_thread_in_native, id=18304, stack(0x000000d46af00000,0x000000d46b000000)]

Stack: [0x000000d46af00000,0x000000d46b000000]
Native frames: (J=compiled Java code, j=interpreted, Vv=VM code, C=native code)
V  [jvm.dll+0x32ed79]
V  [jvm.dll+0x275722]
V  [jvm.dll+0x2763cd]
V  [jvm.dll+0x26ce05]
V  [jvm.dll+0xd551c]
V  [jvm.dll+0xd5d1c]
V  [jvm.dll+0x452c72]
V  [jvm.dll+0x48dcdd]
V  [jvm.dll+0x442c71]
V  [jvm.dll+0x43fee4]
V  [jvm.dll+0x42ae57]
V  [jvm.dll+0xac1bb]
V  [jvm.dll+0xaa81b]
V  [jvm.dll+0x23ddc2]
V  [jvm.dll+0x2923dc]
C  [ucrtbase.dll+0x21bb2]
C  [KERNEL32.DLL+0x17034]
C  [ntdll.dll+0x52651]


Current CompileTask:
C2:   6928 5195   !   4       com.sun.beans.TypeResolver::resolve (274 bytes)


---------------  P R O C E S S  ---------------

Java Threads: ( => current thread )
  0x000001ff1f227800 JavaThread "Memory manager" [_thread_blocked, id=7732, stack(0x000000d46da00000,0x000000d46db00000)]
  0x000001ff1f222800 JavaThread "jar transforms Thread 8" [_thread_blocked, id=12704, stack(0x000000d46d900000,0x000000d46da00000)]
  0x000001ff22162000 JavaThread "jar transforms Thread 7" [_thread_blocked, id=19320, stack(0x000000d46d800000,0x000000d46d900000)]
  0x000001ff22160800 JavaThread "jar transforms Thread 6" [_thread_blocked, id=6244, stack(0x000000d46d700000,0x000000d46d800000)]
  0x000001ff2215f800 JavaThread "jar transforms Thread 5" [_thread_blocked, id=8220, stack(0x000000d46d600000,0x000000d46d700000)]
  0x000001ff2215f000 JavaThread "jar transforms Thread 4" [_thread_blocked, id=18080, stack(0x000000d46d500000,0x000000d46d600000)]
  0x000001ff22161000 JavaThread "Build operations Thread 8" [_thread_blocked, id=20156, stack(0x000000d46d400000,0x000000d46d500000)]
  0x000001ff22157800 JavaThread "Build operations Thread 7" [_thread_blocked, id=8160, stack(0x000000d46d300000,0x000000d46d400000)]
  0x000001ff2215e000 JavaThread "Build operations Thread 6" [_thread_blocked, id=12628, stack(0x000000d46d200000,0x000000d46d300000)]
  0x000001ff22158000 JavaThread "Build operations Thread 5" [_thread_blocked, id=13916, stack(0x000000d46d100000,0x000000d46d200000)]
  0x000001ff2215d800 JavaThread "Build operations Thread 4" [_thread_blocked, id=10256, stack(0x000000d46d000000,0x000000d46d100000)]
  0x000001ff2215c800 JavaThread "Build operations Thread 3" [_thread_blocked, id=21136, stack(0x000000d46cf00000,0x000000d46d000000)]
  0x000001ff2215c000 JavaThread "Build operations Thread 2" [_thread_blocked, id=14800, stack(0x000000d46ce00000,0x000000d46cf00000)]
  0x000001ff22154800 JavaThread "Build operations" [_thread_blocked, id=11064, stack(0x000000d46cd00000,0x000000d46ce00000)]
  0x000001ff2215b000 JavaThread "Cache worker for Build Output Cleanup Cache (D:\DATN\JavaLab\.gradle\buildOutputCleanup)" [_thread_blocked, id=1304, stack(0x000000d46cc00000,0x000000d46cd00000)]
  0x000001ff22153800 JavaThread "jar transforms Thread 3" [_thread_blocked, id=5760, stack(0x000000d46cb00000,0x000000d46cc00000)]
  0x000001ff2215a800 JavaThread "Cache worker for dependencies-accessors (D:\DATN\JavaLab\.gradle\7.0.2\dependencies-accessors)" [_thread_blocked, id=20228, stack(0x000000d46ca00000,0x000000d46cb00000)]
  0x000001ff22156800 JavaThread "Cache worker for file content cache (C:\Users\phongvv\.gradle\caches\7.0.2\fileContent)" [_thread_blocked, id=18604, stack(0x000000d46c900000,0x000000d46ca00000)]
  0x000001ff22155000 JavaThread "jar transforms Thread 2" [_thread_blocked, id=19948, stack(0x000000d46c800000,0x000000d46c900000)]
  0x000001ff22159800 JavaThread "jar transforms" [_thread_blocked, id=7544, stack(0x000000d46c700000,0x000000d46c800000)]
  0x000001ff21cd6000 JavaThread "Cache worker for execution history cache (C:\Users\phongvv\.gradle\caches\7.0.2\executionHistory)" [_thread_blocked, id=19200, stack(0x000000d46c600000,0x000000d46c700000)]
  0x000001ff21cd8800 JavaThread "Cache worker for cache directory md-rule (C:\Users\phongvv\.gradle\caches\7.0.2\md-rule)" [_thread_blocked, id=7972, stack(0x000000d46c500000,0x000000d46c600000)]
  0x000001ff21cd5800 JavaThread "Cache worker for cache directory md-supplier (C:\Users\phongvv\.gradle\caches\7.0.2\md-supplier)" [_thread_blocked, id=16956, stack(0x000000d46c400000,0x000000d46c500000)]
  0x000001ff21cdb800 JavaThread "Cache worker for checksums cache (D:\DATN\JavaLab\.gradle\checksums)" [_thread_blocked, id=2612, stack(0x000000d46c300000,0x000000d46c400000)]
  0x000001ff21cd4800 JavaThread "File watcher consumer" daemon [_thread_blocked, id=5216, stack(0x000000d46c200000,0x000000d46c300000)]
  0x000001ff21cda800 JavaThread "File watcher server" daemon [_thread_in_native, id=16780, stack(0x000000d46c100000,0x000000d46c200000)]
  0x000001ff21cda000 JavaThread "Cache worker for file hash cache (D:\DATN\JavaLab\.gradle\7.0.2\fileHashes)" [_thread_blocked, id=17308, stack(0x000000d46c000000,0x000000d46c100000)]
  0x000001ff21cd7800 JavaThread "Cache worker for journal cache (C:\Users\phongvv\.gradle\caches\journal-1)" [_thread_blocked, id=9804, stack(0x000000d46bf00000,0x000000d46c000000)]
  0x000001ff21cd9000 JavaThread "File lock request listener" [_thread_in_native, id=4004, stack(0x000000d46be00000,0x000000d46bf00000)]
  0x000001ff21cd7000 JavaThread "Cache worker for file hash cache (C:\Users\phongvv\.gradle\caches\7.0.2\fileHashes)" [_thread_blocked, id=15840, stack(0x000000d46bd00000,0x000000d46be00000)]
  0x000001ff208a5000 JavaThread "Daemon client event forwarder" [_thread_blocked, id=20272, stack(0x000000d46bc00000,0x000000d46bd00000)]
  0x000001ff2089c800 JavaThread "Stdin handler" [_thread_blocked, id=10192, stack(0x000000d46bb00000,0x000000d46bc00000)]
  0x000001ff208b2000 JavaThread "Asynchronous log dispatcher for DefaultDaemonConnection: socket connection from /127.0.0.1:56920 to /127.0.0.1:56921" [_thread_blocked, id=20496, stack(0x000000d46ba00000,0x000000d46bb00000)]
  0x000001ff20863000 JavaThread "Daemon worker" [_thread_in_Java, id=17188, stack(0x000000d46b900000,0x000000d46ba00000)]
  0x000001ff20868000 JavaThread "Cancel handler" [_thread_blocked, id=3336, stack(0x000000d46b800000,0x000000d46b900000)]
  0x000001ff20789000 JavaThread "Handler for socket connection from /127.0.0.1:56920 to /127.0.0.1:56921" [_thread_in_native, id=8564, stack(0x000000d46b700000,0x000000d46b800000)]
  0x000001ff207c8800 JavaThread "Daemon" [_thread_blocked, id=18408, stack(0x000000d46b600000,0x000000d46b700000)]
  0x000001ff207c4000 JavaThread "Daemon periodic checks" [_thread_blocked, id=10812, stack(0x000000d46b500000,0x000000d46b600000)]
  0x000001ff207b9000 JavaThread "Incoming local TCP Connector on port 56920" [_thread_in_native, id=14120, stack(0x000000d46b400000,0x000000d46b500000)]
  0x000001ff20333800 JavaThread "Daemon health stats" [_thread_blocked, id=14184, stack(0x000000d46b300000,0x000000d46b400000)]
  0x000001ff1ede5000 JavaThread "Service Thread" daemon [_thread_blocked, id=16320, stack(0x000000d46b100000,0x000000d46b200000)]
  0x000001ff1da34800 JavaThread "C1 CompilerThread3" daemon [_thread_in_native, id=20460, stack(0x000000d46b000000,0x000000d46b100000)]
=>0x000001ff1da27000 JavaThread "C2 CompilerThread2" daemon [_thread_in_native, id=18304, stack(0x000000d46af00000,0x000000d46b000000)]
  0x000001ff1da1a000 JavaThread "C2 CompilerThread1" daemon [_thread_blocked, id=5048, stack(0x000000d46ae00000,0x000000d46af00000)]
  0x000001ff1da10800 JavaThread "C2 CompilerThread0" daemon [_thread_in_native, id=12872, stack(0x000000d46ad00000,0x000000d46ae00000)]
  0x000001ff1da0e800 JavaThread "Attach Listener" daemon [_thread_blocked, id=13160, stack(0x000000d46ac00000,0x000000d46ad00000)]
  0x000001ff1da16800 JavaThread "Signal Dispatcher" daemon [_thread_blocked, id=8460, stack(0x000000d46ab00000,0x000000d46ac00000)]
  0x000001ff1d9eb000 JavaThread "Finalizer" daemon [_thread_blocked, id=8616, stack(0x000000d46aa00000,0x000000d46ab00000)]
  0x000001ff1cdf7800 JavaThread "Reference Handler" daemon [_thread_blocked, id=18032, stack(0x000000d46a900000,0x000000d46aa00000)]
  0x000001ff06d2d800 JavaThread "main" [_thread_blocked, id=18828, stack(0x000000d469f00000,0x000000d46a000000)]

Other Threads:
  0x000001ff1cdf4800 VMThread [stack: 0x000000d46a800000,0x000000d46a900000] [id=13744]
  0x000001ff1edf8000 WatcherThread [stack: 0x000000d46b200000,0x000000d46b300000] [id=15736]

VM state:not at safepoint (normal execution)

VM Mutex/Monitor currently owned by a thread: None

heap address: 0x0000000080000000, size: 2048 MB, Compressed Oops mode: 32-bit
Narrow klass base: 0x0000000000000000, Narrow klass shift: 3
Compressed class space size: 1073741824 Address: 0x0000000100000000

Heap:
 PSYoungGen      total 161792K, used 112476K [0x00000000d5580000, 0x00000000e2280000, 0x0000000100000000)
  eden space 149504K, 67% used [0x00000000d5580000,0x00000000db75ca08,0x00000000de780000)
  from space 12288K, 99% used [0x00000000de780000,0x00000000df37a908,0x00000000df380000)
  to   space 16384K, 0% used [0x00000000e1280000,0x00000000e1280000,0x00000000e2280000)
 ParOldGen       total 159232K, used 21266K [0x0000000080000000, 0x0000000089b80000, 0x00000000d5580000)
  object space 159232K, 13% used [0x0000000080000000,0x00000000814c4a38,0x0000000089b80000)
 Metaspace       used 54645K, capacity 57316K, committed 57600K, reserved 1099776K
  class space    used 7559K, capacity 8099K, committed 8192K, reserved 1048576K

Card table byte_map: [0x000001ff17a10000,0x000001ff17e20000] byte_map_base: 0x000001ff17610000

Marking Bits: (ParMarkBitMap*) 0x0000000065657fe0
 Begin Bits: [0x000001ff180d0000, 0x000001ff1a0d0000)
 End Bits:   [0x000001ff1a0d0000, 0x000001ff1c0d0000)

Polling page: 0x000001ff08620000

CodeCache: size=245760Kb used=16217Kb max_used=16217Kb free=229542Kb
 bounds [0x000001ff08650000, 0x000001ff09640000, 0x000001ff17650000]
 total_blobs=5616 nmethods=4830 adapters=698
 compilation: enabled

Compilation events (10 events):
Event: 6.903 Thread 0x000001ff1da34800 nmethod 5299 0x000001ff0960e7d0 code [0x000001ff0960e940, 0x000001ff0960ec90]
Event: 6.903 Thread 0x000001ff1da34800 5300       3       org.objectweb.asm.AnnotationVisitor::<init> (7 bytes)
Event: 6.903 Thread 0x000001ff1da34800 nmethod 5300 0x000001ff0960e450 code [0x000001ff0960e5c0, 0x000001ff0960e750]
Event: 6.903 Thread 0x000001ff1da34800 5301       3       org.gradle.internal.instantiation.generator.AsmBackedClassGenerator$ClassBuilderImpl::addSetter (50 bytes)
Event: 6.904 Thread 0x000001ff1da34800 nmethod 5301 0x000001ff09626050 code [0x000001ff09626200, 0x000001ff09626820]
Event: 6.905 Thread 0x000001ff1da1a000 5302       4       java.lang.ref.SoftReference::<init> (13 bytes)
Event: 6.906 Thread 0x000001ff1da1a000 nmethod 5302 0x000001ff08998810 code [0x000001ff08998940, 0x000001ff089989f8]
Event: 6.912 Thread 0x000001ff1da34800 5303       1       org.gradle.api.internal.tasks.properties.annotations.OutputPropertyRoleAnnotationHandler::getAnnotationTypes (5 bytes)
Event: 6.912 Thread 0x000001ff1da34800 nmethod 5303 0x000001ff09629410 code [0x000001ff09629560, 0x000001ff09629678]
Event: 6.915 Thread 0x000001ff1da34800 5304       3       java.lang.reflect.Constructor::isSynthetic (5 bytes)

GC Heap History (10 events):
Event: 3.640 GC heap before
{Heap before GC invocations=7 (full 1):
 PSYoungGen      total 75776K, used 69757K [0x00000000d5580000, 0x00000000dcc80000, 0x0000000100000000)
  eden space 65024K, 100% used [0x00000000d5580000,0x00000000d9500000,0x00000000d9500000)
  from space 10752K, 44% used [0x00000000d9500000,0x00000000d999f638,0x00000000d9f80000)
  to   space 12288K, 0% used [0x00000000dc080000,0x00000000dc080000,0x00000000dcc80000)
 ParOldGen       total 104960K, used 9177K [0x0000000080000000, 0x0000000086680000, 0x00000000d5580000)
  object space 104960K, 8% used [0x0000000080000000,0x00000000808f67b0,0x0000000086680000)
 Metaspace       used 32182K, capacity 33454K, committed 33664K, reserved 1077248K
  class space    used 4624K, capacity 4918K, committed 4992K, reserved 1048576K
Event: 3.650 GC heap after
Heap after GC invocations=7 (full 1):
 PSYoungGen      total 109056K, used 9710K [0x00000000d5580000, 0x00000000dce80000, 0x0000000100000000)
  eden space 96768K, 0% used [0x00000000d5580000,0x00000000d5580000,0x00000000db400000)
  from space 12288K, 79% used [0x00000000dc080000,0x00000000dc9fb830,0x00000000dcc80000)
  to   space 12800K, 0% used [0x00000000db400000,0x00000000db400000,0x00000000dc080000)
 ParOldGen       total 104960K, used 9185K [0x0000000080000000, 0x0000000086680000, 0x00000000d5580000)
  object space 104960K, 8% used [0x0000000080000000,0x00000000808f87b0,0x0000000086680000)
 Metaspace       used 32182K, capacity 33454K, committed 33664K, reserved 1077248K
  class space    used 4624K, capacity 4918K, committed 4992K, reserved 1048576K
}
Event: 3.791 GC heap before
{Heap before GC invocations=8 (full 1):
 PSYoungGen      total 109056K, used 32167K [0x00000000d5580000, 0x00000000dce80000, 0x0000000100000000)
  eden space 96768K, 23% used [0x00000000d5580000,0x00000000d6b6e408,0x00000000db400000)
  from space 12288K, 79% used [0x00000000dc080000,0x00000000dc9fb830,0x00000000dcc80000)
  to   space 12800K, 0% used [0x00000000db400000,0x00000000db400000,0x00000000dc080000)
 ParOldGen       total 104960K, used 9185K [0x0000000080000000, 0x0000000086680000, 0x00000000d5580000)
  object space 104960K, 8% used [0x0000000080000000,0x00000000808f87b0,0x0000000086680000)
 Metaspace       used 34026K, capacity 35344K, committed 35416K, reserved 1079296K
  class space    used 4798K, capacity 5063K, committed 5120K, reserved 1048576K
Event: 3.796 GC heap after
Heap after GC invocations=8 (full 1):
 PSYoungGen      total 109568K, used 6920K [0x00000000d5580000, 0x00000000e0480000, 0x0000000100000000)
  eden space 96768K, 0% used [0x00000000d5580000,0x00000000d5580000,0x00000000db400000)
  from space 12800K, 54% used [0x00000000db400000,0x00000000dbac2190,0x00000000dc080000)
  to   space 12288K, 0% used [0x00000000df880000,0x00000000df880000,0x00000000e0480000)
 ParOldGen       total 104960K, used 9193K [0x0000000080000000, 0x0000000086680000, 0x00000000d5580000)
  object space 104960K, 8% used [0x0000000080000000,0x00000000808fa7b0,0x0000000086680000)
 Metaspace       used 34026K, capacity 35344K, committed 35416K, reserved 1079296K
  class space    used 4798K, capacity 5063K, committed 5120K, reserved 1048576K
}
Event: 3.796 GC heap before
{Heap before GC invocations=9 (full 2):
 PSYoungGen      total 109568K, used 6920K [0x00000000d5580000, 0x00000000e0480000, 0x0000000100000000)
  eden space 96768K, 0% used [0x00000000d5580000,0x00000000d5580000,0x00000000db400000)
  from space 12800K, 54% used [0x00000000db400000,0x00000000dbac2190,0x00000000dc080000)
  to   space 12288K, 0% used [0x00000000df880000,0x00000000df880000,0x00000000e0480000)
 ParOldGen       total 104960K, used 9193K [0x0000000080000000, 0x0000000086680000, 0x00000000d5580000)
  object space 104960K, 8% used [0x0000000080000000,0x00000000808fa7b0,0x0000000086680000)
 Metaspace       used 34026K, capacity 35344K, committed 35416K, reserved 1079296K
  class space    used 4798K, capacity 5063K, committed 5120K, reserved 1048576K
Event: 3.829 GC heap after
Heap after GC invocations=9 (full 2):
 PSYoungGen      total 109568K, used 0K [0x00000000d5580000, 0x00000000e0480000, 0x0000000100000000)
  eden space 96768K, 0% used [0x00000000d5580000,0x00000000d5580000,0x00000000db400000)
  from space 12800K, 0% used [0x00000000db400000,0x00000000db400000,0x00000000dc080000)
  to   space 12288K, 0% used [0x00000000df880000,0x00000000df880000,0x00000000e0480000)
 ParOldGen       total 159232K, used 13796K [0x0000000080000000, 0x0000000089b80000, 0x00000000d5580000)
  object space 159232K, 8% used [0x0000000080000000,0x0000000080d790f0,0x0000000089b80000)
 Metaspace       used 34026K, capacity 35344K, committed 35416K, reserved 1079296K
  class space    used 4798K, capacity 5063K, committed 5120K, reserved 1048576K
}
Event: 4.423 GC heap before
{Heap before GC invocations=10 (full 2):
 PSYoungGen      total 109568K, used 96768K [0x00000000d5580000, 0x00000000e0480000, 0x0000000100000000)
  eden space 96768K, 100% used [0x00000000d5580000,0x00000000db400000,0x00000000db400000)
  from space 12800K, 0% used [0x00000000db400000,0x00000000db400000,0x00000000dc080000)
  to   space 12288K, 0% used [0x00000000df880000,0x00000000df880000,0x00000000e0480000)
 ParOldGen       total 159232K, used 13796K [0x0000000080000000, 0x0000000089b80000, 0x00000000d5580000)
  object space 159232K, 8% used [0x0000000080000000,0x0000000080d790f0,0x0000000089b80000)
 Metaspace       used 37740K, capacity 39490K, committed 39552K, reserved 1083392K
  class space    used 5366K, capacity 5734K, committed 5760K, reserved 1048576K
Event: 4.428 GC heap after
Heap after GC invocations=10 (full 2):
 PSYoungGen      total 147456K, used 6933K [0x00000000d5580000, 0x00000000dff80000, 0x0000000100000000)
  eden space 140288K, 0% used [0x00000000d5580000,0x00000000d5580000,0x00000000dde80000)
  from space 7168K, 96% used [0x00000000df880000,0x00000000dff45698,0x00000000dff80000)
  to   space 12288K, 0% used [0x00000000de780000,0x00000000de780000,0x00000000df380000)
 ParOldGen       total 159232K, used 13804K [0x0000000080000000, 0x0000000089b80000, 0x00000000d5580000)
  object space 159232K, 8% used [0x0000000080000000,0x0000000080d7b0f0,0x0000000089b80000)
 Metaspace       used 37740K, capacity 39490K, committed 39552K, reserved 1083392K
  class space    used 5366K, capacity 5734K, committed 5760K, reserved 1048576K
}
Event: 5.997 GC heap before
{Heap before GC invocations=11 (full 2):
 PSYoungGen      total 147456K, used 147221K [0x00000000d5580000, 0x00000000dff80000, 0x0000000100000000)
  eden space 140288K, 100% used [0x00000000d5580000,0x00000000dde80000,0x00000000dde80000)
  from space 7168K, 96% used [0x00000000df880000,0x00000000dff45698,0x00000000dff80000)
  to   space 12288K, 0% used [0x00000000de780000,0x00000000de780000,0x00000000df380000)
 ParOldGen       total 159232K, used 13804K [0x0000000080000000, 0x0000000089b80000, 0x00000000d5580000)
  object space 159232K, 8% used [0x0000000080000000,0x0000000080d7b0f0,0x0000000089b80000)
 Metaspace       used 48673K, capacity 51174K, committed 51456K, reserved 1093632K
  class space    used 6774K, capacity 7316K, committed 7424K, reserved 1048576K
Event: 6.014 GC heap after
Heap after GC invocations=11 (full 2):
 PSYoungGen      total 161792K, used 12266K [0x00000000d5580000, 0x00000000e2280000, 0x0000000100000000)
  eden space 149504K, 0% used [0x00000000d5580000,0x00000000d5580000,0x00000000de780000)
  from space 12288K, 99% used [0x00000000de780000,0x00000000df37a908,0x00000000df380000)
  to   space 16384K, 0% used [0x00000000e1280000,0x00000000e1280000,0x00000000e2280000)
 ParOldGen       total 159232K, used 21266K [0x0000000080000000, 0x0000000089b80000, 0x00000000d5580000)
  object space 159232K, 13% used [0x0000000080000000,0x00000000814c4a38,0x0000000089b80000)
 Metaspace       used 48673K, capacity 51174K, committed 51456K, reserved 1093632K
  class space    used 6774K, capacity 7316K, committed 7424K, reserved 1048576K
}

Deoptimization events (10 events):
Event: 6.122 Thread 0x000001ff20863000 Uncommon trap: reason=unstable_if action=reinterpret pc=0x000001ff095b797c method=java.security.CodeSource.matchCerts(Ljava/security/CodeSource;Z)Z @ 11
Event: 6.140 Thread 0x000001ff20863000 Uncommon trap: reason=unstable_if action=reinterpret pc=0x000001ff09340738 method=java.util.LinkedHashMap.get(Ljava/lang/Object;)Ljava/lang/Object; @ 20
Event: 6.189 Thread 0x000001ff20863000 Uncommon trap: reason=unstable_if action=reinterpret pc=0x000001ff095b7efc method=java.security.CodeSource.matchCerts(Ljava/security/CodeSource;Z)Z @ 11
Event: 6.405 Thread 0x000001ff20863000 Uncommon trap: reason=predicate action=maybe_recompile pc=0x000001ff089d1574 method=java.util.AbstractCollection.toArray([Ljava/lang/Object;)[Ljava/lang/Object; @ 49
Event: 6.473 Thread 0x000001ff20863000 Uncommon trap: reason=unstable_if action=reinterpret pc=0x000001ff091744a4 method=org.gradle.internal.reflect.PropertyAccessorType.of(Ljava/lang/reflect/Method;)Lorg/gradle/internal/reflect/PropertyAccessorType; @ 56
Event: 6.672 Thread 0x000001ff20863000 Uncommon trap: reason=null_check action=make_not_entrant pc=0x000001ff08ec3dd8 method=java.lang.Class.searchMethods([Ljava/lang/reflect/Method;Ljava/lang/String;[Ljava/lang/Class;)Ljava/lang/reflect/Method; @ 59
Event: 6.682 Thread 0x000001ff20863000 Uncommon trap: reason=array_check action=maybe_recompile pc=0x000001ff08c4484c method=java.util.AbstractCollection.toArray([Ljava/lang/Object;)[Ljava/lang/Object; @ 119
Event: 6.683 Thread 0x000001ff20863000 Uncommon trap: reason=array_check action=maybe_recompile pc=0x000001ff08c4484c method=java.util.AbstractCollection.toArray([Ljava/lang/Object;)[Ljava/lang/Object; @ 119
Event: 6.684 Thread 0x000001ff20863000 Uncommon trap: reason=array_check action=maybe_recompile pc=0x000001ff08c4484c method=java.util.AbstractCollection.toArray([Ljava/lang/Object;)[Ljava/lang/Object; @ 119
Event: 6.684 Thread 0x000001ff20863000 Uncommon trap: reason=array_check action=maybe_recompile pc=0x000001ff08c4484c method=java.util.AbstractCollection.toArray([Ljava/lang/Object;)[Ljava/lang/Object; @ 119

Classes redefined (0 events):
No events

Internal exceptions (10 events):
Event: 6.740 Thread 0x000001ff20863000 Exception <a 'java/lang/ClassNotFoundException': com/android/build/gradle/internal/CompileOptions_DecoratedBeanInfo> (0x00000000da2b5990) thrown at [C:\jenkins\workspace\8-2-build-windows-amd64-cygwin\jdk8u301\1513\hotspot\src\share\vm\classfile\systemDic
Event: 6.740 Thread 0x000001ff20863000 Exception <a 'java/lang/ClassNotFoundException': com/android/build/gradle/internal/CompileOptionsBeanInfo> (0x00000000da2d1e98) thrown at [C:\jenkins\workspace\8-2-build-windows-amd64-cygwin\jdk8u301\1513\hotspot\src\share\vm\classfile\systemDictionary.cp
Event: 6.740 Thread 0x000001ff20863000 Exception <a 'java/lang/ClassNotFoundException': com/android/build/gradle/internal/CompileOptionsCustomizer> (0x00000000da2ee3b0) thrown at [C:\jenkins\workspace\8-2-build-windows-amd64-cygwin\jdk8u301\1513\hotspot\src\share\vm\classfile\systemDictionary.
Event: 6.741 Thread 0x000001ff20863000 Exception <a 'java/lang/ClassNotFoundException': com/android/build/gradle/internal/CompileOptions_DecoratedCustomizer> (0x00000000da31fdb8) thrown at [C:\jenkins\workspace\8-2-build-windows-amd64-cygwin\jdk8u301\1513\hotspot\src\share\vm\classfile\systemD
Event: 6.745 Thread 0x000001ff20863000 Exception <a 'java/lang/ClassNotFoundException': com/android/build/gradle/internal/dsl/ApplicationBuildFeaturesImpl_DecoratedBeanInfo> (0x00000000da3e9010) thrown at [C:\jenkins\workspace\8-2-build-windows-amd64-cygwin\jdk8u301\1513\hotspot\src\share\vm\c
Event: 6.745 Thread 0x000001ff20863000 Exception <a 'java/lang/ClassNotFoundException': com/android/build/gradle/internal/dsl/ApplicationBuildFeaturesImplBeanInfo> (0x00000000da40a1d0) thrown at [C:\jenkins\workspace\8-2-build-windows-amd64-cygwin\jdk8u301\1513\hotspot\src\share\vm\classfile\s
Event: 6.746 Thread 0x000001ff20863000 Exception <a 'java/lang/ClassNotFoundException': com/android/build/gradle/internal/dsl/BuildFeaturesImplBeanInfo> (0x00000000da428758) thrown at [C:\jenkins\workspace\8-2-build-windows-amd64-cygwin\jdk8u301\1513\hotspot\src\share\vm\classfile\systemDictio
Event: 6.746 Thread 0x000001ff20863000 Exception <a 'java/lang/ClassNotFoundException': com/android/build/gradle/internal/dsl/BuildFeaturesImplCustomizer> (0x00000000da447260) thrown at [C:\jenkins\workspace\8-2-build-windows-amd64-cygwin\jdk8u301\1513\hotspot\src\share\vm\classfile\systemDict
Event: 6.746 Thread 0x000001ff20863000 Exception <a 'java/lang/ClassNotFoundException': com/android/build/gradle/internal/dsl/ApplicationBuildFeaturesImplCustomizer> (0x00000000da47c830) thrown at [C:\jenkins\workspace\8-2-build-windows-amd64-cygwin\jdk8u301\1513\hotspot\src\share\vm\classfile
Event: 6.747 Thread 0x000001ff20863000 Exception <a 'java/lang/ClassNotFoundException': com/android/build/gradle/internal/dsl/ApplicationBuildFeaturesImpl_DecoratedCustomizer> (0x00000000da4aa8d0) thrown at [C:\jenkins\workspace\8-2-build-windows-amd64-cygwin\jdk8u301\1513\hotspot\src\share\vm

Events (10 events):
Event: 6.910 loading class com/android/build/api/component/analytics/AnalyticsEnabledAndroidTest
Event: 6.910 loading class com/android/build/api/component/analytics/AnalyticsEnabledAndroidTest done
Event: 6.910 loading class com/android/build/api/component/analytics/AnalyticsEnabledTestComponent
Event: 6.910 loading class com/android/build/api/component/analytics/AnalyticsEnabledTestComponent done
Event: 6.913 loading class com/android/build/api/component/analytics/AnalyticsEnabledAndroidTest$userVisiblePackagingOptions$2
Event: 6.913 loading class com/android/build/api/component/analytics/AnalyticsEnabledAndroidTest$userVisiblePackagingOptions$2 done
Event: 6.914 loading class com/android/build/api/component/impl/UnitTestBuilderImpl
Event: 6.914 loading class com/android/build/api/component/impl/UnitTestBuilderImpl done
Event: 6.914 loading class com/android/build/api/component/UnitTestBuilder
Event: 6.914 loading class com/android/build/api/component/UnitTestBuilder done


Dynamic libraries:
0x00007ff7ea3f0000 - 0x00007ff7ea437000 	C:\Program Files\Java\jdk1.8.0_301\bin\java.exe
0x00007fff52f90000 - 0x00007fff53185000 	C:\Windows\SYSTEM32\ntdll.dll
0x00007fff51c90000 - 0x00007fff51d4e000 	C:\Windows\System32\KERNEL32.DLL
0x00007fff50ad0000 - 0x00007fff50d99000 	C:\Windows\System32\KERNELBASE.dll
0x00007fff51550000 - 0x00007fff515fc000 	C:\Windows\System32\ADVAPI32.dll
0x00007fff51d50000 - 0x00007fff51dee000 	C:\Windows\System32\msvcrt.dll
0x00007fff512d0000 - 0x00007fff5136b000 	C:\Windows\System32\sechost.dll
0x00007fff51600000 - 0x00007fff5172a000 	C:\Windows\System32\RPCRT4.dll
0x00007fff52b30000 - 0x00007fff52cd1000 	C:\Windows\System32\USER32.dll
0x00007fff50eb0000 - 0x00007fff50ed2000 	C:\Windows\System32\win32u.dll
0x00007fff52ce0000 - 0x00007fff52d0b000 	C:\Windows\System32\GDI32.dll
0x00007fff506b0000 - 0x00007fff507bb000 	C:\Windows\System32\gdi32full.dll
0x00007fff50ee0000 - 0x00007fff50f7d000 	C:\Windows\System32\msvcp_win.dll
0x00007fff509d0000 - 0x00007fff50ad0000 	C:\Windows\System32\ucrtbase.dll
0x00007fff3e3a0000 - 0x00007fff3e63a000 	C:\Windows\WinSxS\amd64_microsoft.windows.common-controls_6595b64144ccf1df_6.0.19041.1110_none_60b5254171f9507e\COMCTL32.dll
0x00007fff52d70000 - 0x00007fff52da0000 	C:\Windows\System32\IMM32.DLL
0x00007fff4adb0000 - 0x00007fff4adc5000 	C:\Program Files\Java\jdk1.8.0_301\jre\bin\vcruntime140.dll
0x00007fff2cff0000 - 0x00007fff2d08b000 	C:\Program Files\Java\jdk1.8.0_301\jre\bin\msvcp140.dll
0x0000000064e70000 - 0x00000000656d0000 	C:\Program Files\Java\jdk1.8.0_301\jre\bin\server\jvm.dll
0x00007fff51370000 - 0x00007fff51378000 	C:\Windows\System32\PSAPI.DLL
0x00007fff4b340000 - 0x00007fff4b349000 	C:\Windows\SYSTEM32\WSOCK32.dll
0x00007fff47240000 - 0x00007fff47267000 	C:\Windows\SYSTEM32\WINMM.dll
0x00007fff47270000 - 0x00007fff4727a000 	C:\Windows\SYSTEM32\VERSION.dll
0x00007fff51c20000 - 0x00007fff51c8b000 	C:\Windows\System32\WS2_32.dll
0x00007fff4e5b0000 - 0x00007fff4e5c2000 	C:\Windows\SYSTEM32\kernel.appcore.dll
0x00007fff4c530000 - 0x00007fff4c540000 	C:\Program Files\Java\jdk1.8.0_301\jre\bin\verify.dll
0x00007fff39af0000 - 0x00007fff39b1b000 	C:\Program Files\Java\jdk1.8.0_301\jre\bin\java.dll
0x00007fff452a0000 - 0x00007fff452b8000 	C:\Program Files\Java\jdk1.8.0_301\jre\bin\zip.dll
0x00007fff51df0000 - 0x00007fff5252f000 	C:\Windows\System32\SHELL32.dll
0x00007fff4e7b0000 - 0x00007fff4ef40000 	C:\Windows\SYSTEM32\windows.storage.dll
0x00007fff52540000 - 0x00007fff52895000 	C:\Windows\System32\combase.dll
0x00007fff50030000 - 0x00007fff5005c000 	C:\Windows\SYSTEM32\Wldp.dll
0x00007fff50fe0000 - 0x00007fff5108e000 	C:\Windows\System32\SHCORE.dll
0x00007fff52ef0000 - 0x00007fff52f45000 	C:\Windows\System32\shlwapi.dll
0x00007fff505f0000 - 0x00007fff5060f000 	C:\Windows\SYSTEM32\profapi.dll
0x00007fff3d8b0000 - 0x00007fff3d8cc000 	C:\Program Files\Java\jdk1.8.0_301\jre\bin\net.dll
0x00007fff4fd90000 - 0x00007fff4fdfa000 	C:\Windows\system32\mswsock.dll
0x00007fff38ae0000 - 0x00007fff38af3000 	C:\Program Files\Java\jdk1.8.0_301\jre\bin\nio.dll
0x00007fff4b500000 - 0x00007fff4b527000 	C:\Users\phongvv\.gradle\native\8bec1ad78214c89d9ad589b4d07fe93259594b29d510b10fafb7a158f7737e5d\windows-amd64\native-platform.dll
0x00007fff2b3e0000 - 0x00007fff2b51d000 	C:\Users\phongvv\.gradle\native\53dbd7edfb1c66fb8903c78663c9afc45aea4f116125fa6feffd364cf09443e8\windows-amd64\native-platform-file-events.dll
0x00007fff4bb40000 - 0x00007fff4bb4d000 	C:\Program Files\Java\jdk1.8.0_301\jre\bin\management.dll
0x00007fff4ff80000 - 0x00007fff4ff98000 	C:\Windows\SYSTEM32\CRYPTSP.dll
0x00007fff4f710000 - 0x00007fff4f744000 	C:\Windows\system32\rsaenh.dll
0x00007fff50da0000 - 0x00007fff50dc7000 	C:\Windows\System32\bcrypt.dll
0x00007fff505b0000 - 0x00007fff505de000 	C:\Windows\SYSTEM32\USERENV.dll
0x00007fff50dd0000 - 0x00007fff50e53000 	C:\Windows\System32\bcryptprimitives.dll
0x00007fff4ffa0000 - 0x00007fff4ffac000 	C:\Windows\SYSTEM32\CRYPTBASE.dll
0x00007fff4fa80000 - 0x00007fff4fabb000 	C:\Windows\SYSTEM32\IPHLPAPI.DLL
0x00007fff51730000 - 0x00007fff51738000 	C:\Windows\System32\NSI.dll
0x00007fff479c0000 - 0x00007fff479d7000 	C:\Windows\SYSTEM32\dhcpcsvc6.DLL
0x00007fff49390000 - 0x00007fff493ad000 	C:\Windows\SYSTEM32\dhcpcsvc.DLL
0x00007fff4fac0000 - 0x00007fff4fb8c000 	C:\Windows\SYSTEM32\DNSAPI.dll
0x00007fff42880000 - 0x00007fff42a64000 	C:\Windows\SYSTEM32\dbghelp.dll

VM Arguments:
jvm_args: -Xmx2048m -Dfile.encoding=UTF-8 -Duser.country=US -Duser.language=en -Duser.variant 
java_command: org.gradle.launcher.daemon.bootstrap.GradleDaemon 7.0.2
java_class_path (initial): C:\Users\phongvv\.gradle\wrapper\dists\gradle-7.0.2-bin\857tjihv64xamwrf0h14cai3r\gradle-7.0.2\lib\gradle-launcher-7.0.2.jar
Launcher Type: SUN_STANDARD

Environment Variables:
PATH=C:\Program Files (x86)\Common Files\Oracle\Java\javapath;C:\Windows\system32;C:\Windows;C:\Windows\System32\Wbem;C:\Windows\System32\WindowsPowerShell\v1.0\;C:\Windows\System32\OpenSSH\;C:\Program Files\Git\cmd;C:\Program Files (x86)\dotnet\;C:\Program Files\Java\jdk1.8.0_301\bin;C:\Program Files\nodejs\;C:\Users\phongvv\AppData\Local\Microsoft\WindowsApps;C:\Users\phongvv\AppData\Local\GitHubDesktop\bin;C:\Users\phongvv\AppData\Local\Programs\Microsoft VS Code\bin;C:\Users\phongvv\Documents\flutter\bin;C:\Users\phongvv\Documents\flutter;C:\Users\phongvv\AppData\Roaming\npm
USERNAME=Asus
OS=Windows_NT
PROCESSOR_IDENTIFIER=AMD64 Family 23 Model 24 Stepping 1, AuthenticAMD



---------------  S Y S T E M  ---------------

OS: Windows 10.0 , 64 bit Build 19041 (10.0.19041.1202)

CPU:total 8 (initial active 8) (8 cores per cpu, 1 threads per core) family 23 model 24 stepping 1, cmov, cx8, fxsr, mmx, sse, sse2, sse3, ssse3, sse4.1, sse4.2, popcnt, avx, avx2, aes, clmul, mmxext, 3dnowpref, lzcnt, sse4a, tsc, tscinvbit, tscinv, bmi1

Memory: 4k page, physical 16582972k(1399228k free), swap 47760064k(5380k free)

vm_info: Java HotSpot(TM) 64-Bit Server VM (25.301-b09) for windows-amd64 JRE (1.8.0_301-b09), built on Jun  9 2021 06:46:21 by "java_re" with MS VC++ 15.9 (VS2017)

time: Mon Nov  8 16:45:05 2021
timezone: SE Asia Standard Time
elapsed time: 6.933069 seconds (0d 0h 0m 6s)

